INFO:apscheduler.threadpool: Started thread pool with 0 core threads and 20 maximum threads (2020-02-06 20:09:21; threadpool.py:52)
INFO:apscheduler.scheduler: Adding job tentatively -- it will be properly scheduled when the scheduler starts (2020-02-06 20:09:21; scheduler.py:287)
INFO:apscheduler.scheduler: Added job "mytask (trigger: interval[0:10:00], next run at: 2020-02-06 20:19:21.343160)" to job store "default" (2020-02-06 20:09:21; scheduler.py:262)
INFO:apscheduler.scheduler: Scheduler started (2020-02-06 20:09:21; scheduler.py:574)
DEBUG:apscheduler.scheduler: Looking for jobs to run (2020-02-06 20:09:21; scheduler.py:579)
DEBUG:apscheduler.scheduler: Next wakeup is due at 2020-02-06 20:19:21.343160 (in 599.998037 seconds) (2020-02-06 20:09:21; scheduler.py:588)
ERROR:django.request: Internal Server Error: /excute_subtasks/ (2020-02-06 20:09:34; exception.py:118)
Traceback (most recent call last):
  File "D:\Script\test\venv\lib\site-packages\django\core\handlers\exception.py", line 35, in inner
    response = get_response(request)
  File "D:\Script\test\venv\lib\site-packages\django\core\handlers\base.py", line 128, in _get_response
    response = self.process_exception_by_middleware(e, request)
  File "D:\Script\test\venv\lib\site-packages\django\core\handlers\base.py", line 126, in _get_response
    response = wrapped_callback(request, *callback_args, **callback_kwargs)
  File "D:\Script\QTqa\autotest\views.py", line 160, in excute_all_subtasks
    return myFunctions.excute_subtasks()
  File "D:\Script\QTqa\autotest\myFunctions.py", line 339, in excute_subtasks
    settings.logger.info('subtask_objs:'+str(subtask_objs))
  File "D:\Script\test\venv\lib\site-packages\django\conf\__init__.py", line 57, in __getattr__
    val = getattr(self._wrapped, name)
AttributeError: 'Settings' object has no attribute 'logger'
INFO:root: Shutting down thread pool (2020-02-06 20:10:44; threadpool.py:111)
INFO:apscheduler.threadpool: Started thread pool with 0 core threads and 20 maximum threads (2020-02-06 20:10:49; threadpool.py:52)
INFO:apscheduler.scheduler: Adding job tentatively -- it will be properly scheduled when the scheduler starts (2020-02-06 20:10:49; scheduler.py:287)
INFO:apscheduler.scheduler: Added job "mytask (trigger: interval[0:10:00], next run at: 2020-02-06 20:20:49.381458)" to job store "default" (2020-02-06 20:10:49; scheduler.py:262)
INFO:apscheduler.scheduler: Scheduler started (2020-02-06 20:10:49; scheduler.py:574)
DEBUG:apscheduler.scheduler: Looking for jobs to run (2020-02-06 20:10:49; scheduler.py:579)
DEBUG:apscheduler.scheduler: Next wakeup is due at 2020-02-06 20:20:49.381458 (in 599.999003 seconds) (2020-02-06 20:10:49; scheduler.py:588)
INFO:autotest.myFunctions: subtask_objs:<QuerySet [<Subtask: 2020-02-06 20:09:30>, <Subtask: 2020-02-06 20:10:52>]> (2020-02-06 20:10:53; myFunctions.py:340)
INFO:httprunner: [32mHttpRunner version: 2.3.0 (2020-02-06 20:10:54; logger.py:89)
INFO:httprunner: [32mLoading environment variables from D:\Script\httprunnerDemo\.env (2020-02-06 20:10:54; logger.py:89)
INFO:httprunner: [32mStart to run testcase: call demo_testcase with data 1 (2020-02-06 20:10:54; logger.py:89)
INFO:httprunner: [32mGET http://www.baidu.com (2020-02-06 20:10:54; logger.py:89)
DEBUG:urllib3.connectionpool: Starting new HTTP connection (1): www.baidu.com:80 (2020-02-06 20:10:54; connectionpool.py:225)
DEBUG:urllib3.connectionpool: http://www.baidu.com:80 "GET / HTTP/1.1" 200 None (2020-02-06 20:10:54; connectionpool.py:437)
INFO:httprunner: [32mstatus_code: 200, response_time(ms): 50.86 ms, response_length: 2381 bytes
 (2020-02-06 20:10:54; logger.py:89)
INFO:httprunner: [32mStart to render Html report ... (2020-02-06 20:10:54; logger.py:89)
INFO:httprunner: [32mGenerated Html report: D:\demo\testreport\1580991054.html (2020-02-06 20:10:54; logger.py:89)
INFO:httprunner: [32mHttpRunner version: 2.3.0 (2020-02-06 20:10:54; logger.py:89)
INFO:httprunner: [32mLoading environment variables from D:\Script\httprunnerDemo\.env (2020-02-06 20:10:54; logger.py:89)
INFO:httprunner: [32mStart to run testcase: call demo_testcase with data 1 (2020-02-06 20:10:54; logger.py:89)
INFO:httprunner: [32mGET http://www.baidu.com (2020-02-06 20:10:54; logger.py:89)
DEBUG:urllib3.connectionpool: Starting new HTTP connection (1): www.baidu.com:80 (2020-02-06 20:10:54; connectionpool.py:225)
DEBUG:urllib3.connectionpool: http://www.baidu.com:80 "GET / HTTP/1.1" 200 None (2020-02-06 20:10:54; connectionpool.py:437)
INFO:httprunner: [32mstatus_code: 200, response_time(ms): 44.88 ms, response_length: 2381 bytes
 (2020-02-06 20:10:54; logger.py:89)
INFO:httprunner: [32mStart to render Html report ... (2020-02-06 20:10:54; logger.py:89)
INFO:httprunner: [32mGenerated Html report: D:\demo\testreport\1580991054.html (2020-02-06 20:10:54; logger.py:89)
INFO:httprunner: [32mHttpRunner version: 2.3.0 (2020-02-06 20:10:54; logger.py:89)
INFO:httprunner: [32mLoading environment variables from D:\Script\httprunnerDemo\.env (2020-02-06 20:10:54; logger.py:89)
INFO:httprunner: [32mStart to run testcase: call demo_testcase with data 1 (2020-02-06 20:10:54; logger.py:89)
INFO:httprunner: [32mGET http://www.baidu.com (2020-02-06 20:10:54; logger.py:89)
DEBUG:urllib3.connectionpool: Starting new HTTP connection (1): www.baidu.com:80 (2020-02-06 20:10:54; connectionpool.py:225)
DEBUG:urllib3.connectionpool: http://www.baidu.com:80 "GET / HTTP/1.1" 200 None (2020-02-06 20:10:54; connectionpool.py:437)
INFO:httprunner: [32mstatus_code: 200, response_time(ms): 40.84 ms, response_length: 2381 bytes
 (2020-02-06 20:10:54; logger.py:89)
INFO:httprunner: [32mStart to render Html report ... (2020-02-06 20:10:54; logger.py:89)
INFO:httprunner: [32mGenerated Html report: D:\demo\testreport\1580991054.html (2020-02-06 20:10:54; logger.py:89)
INFO:httprunner: [32mHttpRunner version: 2.3.0 (2020-02-06 20:10:54; logger.py:89)
INFO:httprunner: [32mLoading environment variables from D:\Script\httprunnerDemo\.env (2020-02-06 20:10:54; logger.py:89)
INFO:httprunner: [32mStart to run testcase: call demo_testcase with data 1 (2020-02-06 20:10:54; logger.py:89)
INFO:httprunner: [32mGET http://www.baidu.com (2020-02-06 20:10:54; logger.py:89)
DEBUG:urllib3.connectionpool: Starting new HTTP connection (1): www.baidu.com:80 (2020-02-06 20:10:54; connectionpool.py:225)
DEBUG:urllib3.connectionpool: http://www.baidu.com:80 "GET / HTTP/1.1" 200 None (2020-02-06 20:10:54; connectionpool.py:437)
INFO:httprunner: [32mstatus_code: 200, response_time(ms): 53.85 ms, response_length: 2381 bytes
 (2020-02-06 20:10:54; logger.py:89)
INFO:httprunner: [32mStart to render Html report ... (2020-02-06 20:10:54; logger.py:89)
INFO:httprunner: [32mGenerated Html report: D:\demo\testreport\1580991054.html (2020-02-06 20:10:54; logger.py:89)
INFO:httprunner: [32mHttpRunner version: 2.3.0 (2020-02-06 20:10:54; logger.py:89)
INFO:httprunner: [32mLoading environment variables from D:\Script\httprunnerDemo\.env (2020-02-06 20:10:54; logger.py:89)
INFO:httprunner: [32mStart to run testcase: call demo_testcase with data 1 (2020-02-06 20:10:54; logger.py:89)
INFO:httprunner: [32mGET http://www.baidu.com (2020-02-06 20:10:54; logger.py:89)
DEBUG:urllib3.connectionpool: Starting new HTTP connection (1): www.baidu.com:80 (2020-02-06 20:10:54; connectionpool.py:225)
DEBUG:urllib3.connectionpool: http://www.baidu.com:80 "GET / HTTP/1.1" 200 None (2020-02-06 20:10:54; connectionpool.py:437)
INFO:httprunner: [32mstatus_code: 200, response_time(ms): 32.88 ms, response_length: 2381 bytes
 (2020-02-06 20:10:54; logger.py:89)
INFO:httprunner: [32mStart to render Html report ... (2020-02-06 20:10:54; logger.py:89)
INFO:httprunner: [32mGenerated Html report: D:\demo\testreport\1580991054.html (2020-02-06 20:10:54; logger.py:89)
INFO:httprunner: [32mHttpRunner version: 2.3.0 (2020-02-06 20:10:54; logger.py:89)
INFO:httprunner: [32mLoading environment variables from D:\Script\httprunnerDemo\.env (2020-02-06 20:10:54; logger.py:89)
INFO:httprunner: [32mStart to run testcase: call demo_testcase with data 1 (2020-02-06 20:10:54; logger.py:89)
INFO:httprunner: [32mGET http://www.baidu.com (2020-02-06 20:10:54; logger.py:89)
DEBUG:urllib3.connectionpool: Starting new HTTP connection (1): www.baidu.com:80 (2020-02-06 20:10:54; connectionpool.py:225)
DEBUG:urllib3.connectionpool: http://www.baidu.com:80 "GET / HTTP/1.1" 200 None (2020-02-06 20:10:54; connectionpool.py:437)
INFO:httprunner: [32mstatus_code: 200, response_time(ms): 32.92 ms, response_length: 2381 bytes
 (2020-02-06 20:10:54; logger.py:89)
INFO:httprunner: [32mStart to render Html report ... (2020-02-06 20:10:54; logger.py:89)
INFO:httprunner: [32mGenerated Html report: D:\demo\testreport\1580991054.html (2020-02-06 20:10:54; logger.py:89)
INFO:httprunner: [32mHttpRunner version: 2.3.0 (2020-02-06 20:10:54; logger.py:89)
INFO:httprunner: [32mLoading environment variables from D:\Script\httprunnerDemo\.env (2020-02-06 20:10:54; logger.py:89)
INFO:httprunner: [32mStart to run testcase: call demo_testcase with data 1 (2020-02-06 20:10:54; logger.py:89)
INFO:httprunner: [32mGET http://www.baidu.com (2020-02-06 20:10:54; logger.py:89)
DEBUG:urllib3.connectionpool: Starting new HTTP connection (1): www.baidu.com:80 (2020-02-06 20:10:54; connectionpool.py:225)
DEBUG:urllib3.connectionpool: http://www.baidu.com:80 "GET / HTTP/1.1" 200 None (2020-02-06 20:10:54; connectionpool.py:437)
INFO:httprunner: [32mstatus_code: 200, response_time(ms): 62.83 ms, response_length: 2381 bytes
 (2020-02-06 20:10:54; logger.py:89)
INFO:httprunner: [32mStart to render Html report ... (2020-02-06 20:10:54; logger.py:89)
INFO:httprunner: [32mGenerated Html report: D:\demo\testreport\1580991054.html (2020-02-06 20:10:54; logger.py:89)
INFO:httprunner: [32mHttpRunner version: 2.3.0 (2020-02-06 20:10:54; logger.py:89)
INFO:httprunner: [32mLoading environment variables from D:\Script\httprunnerDemo\.env (2020-02-06 20:10:54; logger.py:89)
INFO:httprunner: [32mStart to run testcase: call demo_testcase with data 1 (2020-02-06 20:10:54; logger.py:89)
INFO:httprunner: [32mGET http://www.baidu.com (2020-02-06 20:10:54; logger.py:89)
DEBUG:urllib3.connectionpool: Starting new HTTP connection (1): www.baidu.com:80 (2020-02-06 20:10:54; connectionpool.py:225)
DEBUG:urllib3.connectionpool: http://www.baidu.com:80 "GET / HTTP/1.1" 200 None (2020-02-06 20:10:54; connectionpool.py:437)
INFO:httprunner: [32mstatus_code: 200, response_time(ms): 76.83 ms, response_length: 2381 bytes
 (2020-02-06 20:10:54; logger.py:89)
INFO:httprunner: [32mStart to render Html report ... (2020-02-06 20:10:54; logger.py:89)
INFO:httprunner: [32mGenerated Html report: D:\demo\testreport\1580991054.html (2020-02-06 20:10:54; logger.py:89)
INFO:httprunner: [32mHttpRunner version: 2.3.0 (2020-02-06 20:10:54; logger.py:89)
INFO:httprunner: [32mLoading environment variables from D:\Script\httprunnerDemo\.env (2020-02-06 20:10:54; logger.py:89)
INFO:httprunner: [32mStart to run testcase: call demo_testcase with data 1 (2020-02-06 20:10:54; logger.py:89)
INFO:httprunner: [32mGET http://www.baidu.com (2020-02-06 20:10:54; logger.py:89)
DEBUG:urllib3.connectionpool: Starting new HTTP connection (1): www.baidu.com:80 (2020-02-06 20:10:54; connectionpool.py:225)
DEBUG:urllib3.connectionpool: http://www.baidu.com:80 "GET / HTTP/1.1" 200 None (2020-02-06 20:10:54; connectionpool.py:437)
INFO:httprunner: [32mstatus_code: 200, response_time(ms): 40.89 ms, response_length: 2381 bytes
 (2020-02-06 20:10:54; logger.py:89)
INFO:httprunner: [32mStart to render Html report ... (2020-02-06 20:10:54; logger.py:89)
INFO:httprunner: [32mGenerated Html report: D:\demo\testreport\1580991054.html (2020-02-06 20:10:54; logger.py:89)
INFO:httprunner: [32mHttpRunner version: 2.3.0 (2020-02-06 20:10:54; logger.py:89)
INFO:httprunner: [32mLoading environment variables from D:\Script\httprunnerDemo\.env (2020-02-06 20:10:54; logger.py:89)
INFO:httprunner: [32mStart to run testcase: call demo_testcase with data 1 (2020-02-06 20:10:54; logger.py:89)
INFO:httprunner: [32mGET http://www.baidu.com (2020-02-06 20:10:54; logger.py:89)
DEBUG:urllib3.connectionpool: Starting new HTTP connection (1): www.baidu.com:80 (2020-02-06 20:10:54; connectionpool.py:225)
DEBUG:urllib3.connectionpool: http://www.baidu.com:80 "GET / HTTP/1.1" 200 None (2020-02-06 20:10:54; connectionpool.py:437)
INFO:httprunner: [32mstatus_code: 200, response_time(ms): 43.85 ms, response_length: 2381 bytes
 (2020-02-06 20:10:54; logger.py:89)
INFO:httprunner: [32mStart to render Html report ... (2020-02-06 20:10:54; logger.py:89)
INFO:httprunner: [32mGenerated Html report: D:\demo\testreport\1580991054.html (2020-02-06 20:10:54; logger.py:89)
INFO:httprunner: [32mHttpRunner version: 2.3.0 (2020-02-06 20:10:54; logger.py:89)
INFO:httprunner: [32mLoading environment variables from D:\Script\httprunnerDemo\.env (2020-02-06 20:10:54; logger.py:89)
INFO:httprunner: [32mStart to run testcase: call demo_testcase with data 1 (2020-02-06 20:10:54; logger.py:89)
INFO:httprunner: [32mGET http://www.baidu.com (2020-02-06 20:10:55; logger.py:89)
DEBUG:urllib3.connectionpool: Starting new HTTP connection (1): www.baidu.com:80 (2020-02-06 20:10:55; connectionpool.py:225)
DEBUG:urllib3.connectionpool: http://www.baidu.com:80 "GET / HTTP/1.1" 200 None (2020-02-06 20:10:55; connectionpool.py:437)
INFO:httprunner: [32mstatus_code: 200, response_time(ms): 30.88 ms, response_length: 2381 bytes
 (2020-02-06 20:10:55; logger.py:89)
INFO:httprunner: [32mStart to render Html report ... (2020-02-06 20:10:55; logger.py:89)
INFO:httprunner: [32mGenerated Html report: D:\demo\testreport\1580991055.html (2020-02-06 20:10:55; logger.py:89)
INFO:httprunner: [32mHttpRunner version: 2.3.0 (2020-02-06 20:10:55; logger.py:89)
INFO:httprunner: [32mLoading environment variables from D:\Script\httprunnerDemo\.env (2020-02-06 20:10:55; logger.py:89)
INFO:httprunner: [32mStart to run testcase: call demo_testcase with data 1 (2020-02-06 20:10:55; logger.py:89)
INFO:httprunner: [32mGET http://www.baidu.com (2020-02-06 20:10:55; logger.py:89)
DEBUG:urllib3.connectionpool: Starting new HTTP connection (1): www.baidu.com:80 (2020-02-06 20:10:55; connectionpool.py:225)
DEBUG:urllib3.connectionpool: http://www.baidu.com:80 "GET / HTTP/1.1" 200 None (2020-02-06 20:10:55; connectionpool.py:437)
INFO:httprunner: [32mstatus_code: 200, response_time(ms): 39.9 ms, response_length: 2381 bytes
 (2020-02-06 20:10:55; logger.py:89)
INFO:httprunner: [32mStart to render Html report ... (2020-02-06 20:10:55; logger.py:89)
INFO:httprunner: [32mGenerated Html report: D:\demo\testreport\1580991055.html (2020-02-06 20:10:55; logger.py:89)
ERROR:django.request: Internal Server Error: /excute_subtasks/ (2020-02-06 20:10:55; exception.py:118)
Traceback (most recent call last):
AttributeError: 'NoneType' object has no attribute 'status'
INFO:root: Shutting down thread pool (2020-02-06 20:15:06; threadpool.py:111)
INFO:apscheduler.threadpool: Started thread pool with 0 core threads and 20 maximum threads (2020-02-06 20:15:21; threadpool.py:52)
INFO:apscheduler.scheduler: Adding job tentatively -- it will be properly scheduled when the scheduler starts (2020-02-06 20:15:21; scheduler.py:287)
INFO:apscheduler.scheduler: Added job "mytask (trigger: interval[0:10:00], next run at: 2020-02-06 20:25:21.796880)" to job store "default" (2020-02-06 20:15:21; scheduler.py:262)
INFO:apscheduler.scheduler: Scheduler started (2020-02-06 20:15:21; scheduler.py:574)
DEBUG:apscheduler.scheduler: Looking for jobs to run (2020-02-06 20:15:21; scheduler.py:579)
DEBUG:apscheduler.scheduler: Next wakeup is due at 2020-02-06 20:25:21.796880 (in 599.999002 seconds) (2020-02-06 20:15:21; scheduler.py:588)
INFO:root: Shutting down thread pool (2020-02-06 20:16:54; threadpool.py:111)
INFO:apscheduler.threadpool: Started thread pool with 0 core threads and 20 maximum threads (2020-02-06 20:16:56; threadpool.py:52)
INFO:apscheduler.scheduler: Adding job tentatively -- it will be properly scheduled when the scheduler starts (2020-02-06 20:16:56; scheduler.py:287)
INFO:apscheduler.scheduler: Added job "mytask (trigger: interval[0:10:00], next run at: 2020-02-06 20:26:56.899817)" to job store "default" (2020-02-06 20:16:56; scheduler.py:262)
INFO:apscheduler.scheduler: Scheduler started (2020-02-06 20:16:56; scheduler.py:574)
DEBUG:apscheduler.scheduler: Looking for jobs to run (2020-02-06 20:16:56; scheduler.py:579)
DEBUG:apscheduler.scheduler: Next wakeup is due at 2020-02-06 20:26:56.899817 (in 599.998004 seconds) (2020-02-06 20:16:56; scheduler.py:588)
INFO:root: Shutting down thread pool (2020-02-06 20:17:18; threadpool.py:111)
INFO:apscheduler.threadpool: Started thread pool with 0 core threads and 20 maximum threads (2020-02-06 20:21:12; threadpool.py:52)
INFO:apscheduler.scheduler: Adding job tentatively -- it will be properly scheduled when the scheduler starts (2020-02-06 20:21:12; scheduler.py:287)
INFO:apscheduler.scheduler: Added job "mytask (trigger: interval[0:10:00], next run at: 2020-02-06 20:31:12.371729)" to job store "default" (2020-02-06 20:21:12; scheduler.py:262)
INFO:apscheduler.scheduler: Scheduler started (2020-02-06 20:21:12; scheduler.py:574)
DEBUG:apscheduler.scheduler: Looking for jobs to run (2020-02-06 20:21:12; scheduler.py:579)
DEBUG:apscheduler.scheduler: Next wakeup is due at 2020-02-06 20:31:12.371729 (in 599.998005 seconds) (2020-02-06 20:21:12; scheduler.py:588)
INFO:root: Shutting down thread pool (2020-02-06 20:21:44; threadpool.py:111)
INFO:apscheduler.threadpool: Started thread pool with 0 core threads and 20 maximum threads (2020-02-06 20:21:46; threadpool.py:52)
INFO:apscheduler.scheduler: Adding job tentatively -- it will be properly scheduled when the scheduler starts (2020-02-06 20:21:46; scheduler.py:287)
INFO:apscheduler.scheduler: Added job "mytask (trigger: interval[0:10:00], next run at: 2020-02-06 20:31:46.083237)" to job store "default" (2020-02-06 20:21:46; scheduler.py:262)
INFO:apscheduler.scheduler: Scheduler started (2020-02-06 20:21:46; scheduler.py:574)
DEBUG:apscheduler.scheduler: Looking for jobs to run (2020-02-06 20:21:46; scheduler.py:579)
DEBUG:apscheduler.scheduler: Next wakeup is due at 2020-02-06 20:31:46.083237 (in 599.998004 seconds) (2020-02-06 20:21:46; scheduler.py:588)
INFO:root: Shutting down thread pool (2020-02-06 20:21:48; threadpool.py:111)
INFO:apscheduler.threadpool: Started thread pool with 0 core threads and 20 maximum threads (2020-02-06 20:22:04; threadpool.py:52)
INFO:apscheduler.scheduler: Adding job tentatively -- it will be properly scheduled when the scheduler starts (2020-02-06 20:22:04; scheduler.py:287)
INFO:apscheduler.scheduler: Added job "mytask (trigger: interval[0:10:00], next run at: 2020-02-06 20:32:04.633308)" to job store "default" (2020-02-06 20:22:04; scheduler.py:262)
INFO:apscheduler.scheduler: Scheduler started (2020-02-06 20:22:04; scheduler.py:574)
DEBUG:apscheduler.scheduler: Looking for jobs to run (2020-02-06 20:22:04; scheduler.py:579)
DEBUG:apscheduler.scheduler: Next wakeup is due at 2020-02-06 20:32:04.633308 (in 599.998006 seconds) (2020-02-06 20:22:04; scheduler.py:588)
ERROR:django.request: Internal Server Error: /excute_subtasks/ (2020-02-06 20:22:08; exception.py:118)
Traceback (most recent call last):
  File "D:\Script\test\venv\lib\site-packages\django\core\handlers\exception.py", line 35, in inner
    response = get_response(request)
  File "D:\Script\test\venv\lib\site-packages\django\core\handlers\base.py", line 128, in _get_response
    response = self.process_exception_by_middleware(e, request)
  File "D:\Script\test\venv\lib\site-packages\django\core\handlers\base.py", line 126, in _get_response
    response = wrapped_callback(request, *callback_args, **callback_kwargs)
  File "D:\Script\QTqa\autotest\views.py", line 160, in excute_all_subtasks
    return myFunctions.excute_subtasks()
  File "D:\Script\QTqa\autotest\myFunctions.py", line 349, in excute_subtasks
    reset_cronjob_status()
  File "D:\Script\QTqa\autotest\myFunctions.py", line 145, in reset_cronjob_status
    effective_flag=1).order_by('time_updated').last().status
AttributeError: 'NoneType' object has no attribute 'status'
INFO:root: Shutting down thread pool (2020-02-06 20:24:45; threadpool.py:111)
INFO:apscheduler.threadpool: Started thread pool with 0 core threads and 20 maximum threads (2020-02-06 20:24:47; threadpool.py:52)
INFO:apscheduler.scheduler: Adding job tentatively -- it will be properly scheduled when the scheduler starts (2020-02-06 20:24:47; scheduler.py:287)
INFO:apscheduler.scheduler: Added job "mytask (trigger: interval[0:10:00], next run at: 2020-02-06 20:34:47.828608)" to job store "default" (2020-02-06 20:24:47; scheduler.py:262)
INFO:apscheduler.scheduler: Scheduler started (2020-02-06 20:24:47; scheduler.py:574)
DEBUG:apscheduler.scheduler: Looking for jobs to run (2020-02-06 20:24:47; scheduler.py:579)
DEBUG:apscheduler.scheduler: Next wakeup is due at 2020-02-06 20:34:47.828608 (in 599.998007 seconds) (2020-02-06 20:24:47; scheduler.py:588)
INFO:root: Shutting down thread pool (2020-02-06 20:25:08; threadpool.py:111)
INFO:apscheduler.threadpool: Started thread pool with 0 core threads and 20 maximum threads (2020-02-06 20:25:10; threadpool.py:52)
INFO:apscheduler.scheduler: Adding job tentatively -- it will be properly scheduled when the scheduler starts (2020-02-06 20:25:10; scheduler.py:287)
INFO:apscheduler.scheduler: Added job "mytask (trigger: interval[0:10:00], next run at: 2020-02-06 20:35:10.812634)" to job store "default" (2020-02-06 20:25:10; scheduler.py:262)
INFO:apscheduler.scheduler: Scheduler started (2020-02-06 20:25:10; scheduler.py:574)
DEBUG:apscheduler.scheduler: Looking for jobs to run (2020-02-06 20:25:10; scheduler.py:579)
DEBUG:apscheduler.scheduler: Next wakeup is due at 2020-02-06 20:35:10.812634 (in 599.997009 seconds) (2020-02-06 20:25:10; scheduler.py:588)
ERROR:django.request: Internal Server Error: /test/ (2020-02-06 20:25:30; exception.py:118)
Traceback (most recent call last):
  File "D:\Script\test\venv\lib\site-packages\django\core\handlers\exception.py", line 35, in inner
    response = get_response(request)
  File "D:\Script\test\venv\lib\site-packages\django\core\handlers\base.py", line 139, in _get_response
    "returned None instead." % (callback.__module__, view_name)
ValueError: The view autotest.views.test_function didn't return an HttpResponse object. It returned None instead.
INFO:root: Shutting down thread pool (2020-02-06 20:25:34; threadpool.py:111)
INFO:apscheduler.threadpool: Started thread pool with 0 core threads and 20 maximum threads (2020-02-06 20:25:39; threadpool.py:52)
INFO:apscheduler.scheduler: Adding job tentatively -- it will be properly scheduled when the scheduler starts (2020-02-06 20:25:39; scheduler.py:287)
INFO:apscheduler.scheduler: Added job "mytask (trigger: interval[0:10:00], next run at: 2020-02-06 20:35:39.551014)" to job store "default" (2020-02-06 20:25:39; scheduler.py:262)
INFO:apscheduler.scheduler: Scheduler started (2020-02-06 20:25:39; scheduler.py:574)
DEBUG:apscheduler.scheduler: Looking for jobs to run (2020-02-06 20:25:39; scheduler.py:579)
DEBUG:apscheduler.scheduler: Next wakeup is due at 2020-02-06 20:35:39.551014 (in 599.998971 seconds) (2020-02-06 20:25:39; scheduler.py:588)
ERROR:django.request: Internal Server Error: /test/ (2020-02-06 20:25:41; exception.py:118)
Traceback (most recent call last):
  File "D:\Script\test\venv\lib\site-packages\django\core\handlers\exception.py", line 35, in inner
    response = get_response(request)
  File "D:\Script\test\venv\lib\site-packages\django\core\handlers\base.py", line 139, in _get_response
    "returned None instead." % (callback.__module__, view_name)
ValueError: The view autotest.views.test_function didn't return an HttpResponse object. It returned None instead.
INFO:root: Shutting down thread pool (2020-02-06 20:26:43; threadpool.py:111)
INFO:apscheduler.threadpool: Started thread pool with 0 core threads and 20 maximum threads (2020-02-06 20:26:51; threadpool.py:52)
INFO:apscheduler.scheduler: Adding job tentatively -- it will be properly scheduled when the scheduler starts (2020-02-06 20:26:51; scheduler.py:287)
INFO:apscheduler.scheduler: Added job "mytask (trigger: interval[0:10:00], next run at: 2020-02-06 20:36:51.654850)" to job store "default" (2020-02-06 20:26:51; scheduler.py:262)
INFO:apscheduler.scheduler: Scheduler started (2020-02-06 20:26:51; scheduler.py:574)
DEBUG:apscheduler.scheduler: Looking for jobs to run (2020-02-06 20:26:51; scheduler.py:579)
DEBUG:apscheduler.scheduler: Next wakeup is due at 2020-02-06 20:36:51.654850 (in 599.999003 seconds) (2020-02-06 20:26:51; scheduler.py:588)
INFO:root: Shutting down thread pool (2020-02-06 20:35:11; threadpool.py:111)
INFO:apscheduler.threadpool: Started thread pool with 0 core threads and 20 maximum threads (2020-02-06 20:35:13; threadpool.py:52)
INFO:apscheduler.scheduler: Adding job tentatively -- it will be properly scheduled when the scheduler starts (2020-02-06 20:35:13; scheduler.py:287)
INFO:apscheduler.scheduler: Added job "mytask (trigger: interval[0:10:00], next run at: 2020-02-06 20:45:13.210303)" to job store "default" (2020-02-06 20:35:13; scheduler.py:262)
INFO:apscheduler.scheduler: Scheduler started (2020-02-06 20:35:13; scheduler.py:574)
DEBUG:apscheduler.scheduler: Looking for jobs to run (2020-02-06 20:35:13; scheduler.py:579)
DEBUG:apscheduler.scheduler: Next wakeup is due at 2020-02-06 20:45:13.210303 (in 599.999004 seconds) (2020-02-06 20:35:13; scheduler.py:588)
INFO:root: Shutting down thread pool (2020-02-06 20:37:29; threadpool.py:111)
INFO:apscheduler.threadpool: Started thread pool with 0 core threads and 20 maximum threads (2020-02-06 20:37:31; threadpool.py:52)
INFO:apscheduler.scheduler: Adding job tentatively -- it will be properly scheduled when the scheduler starts (2020-02-06 20:37:31; scheduler.py:287)
INFO:apscheduler.scheduler: Added job "mytask (trigger: interval[0:10:00], next run at: 2020-02-06 20:47:31.463088)" to job store "default" (2020-02-06 20:37:31; scheduler.py:262)
INFO:apscheduler.scheduler: Scheduler started (2020-02-06 20:37:31; scheduler.py:574)
DEBUG:apscheduler.scheduler: Looking for jobs to run (2020-02-06 20:37:31; scheduler.py:579)
DEBUG:apscheduler.scheduler: Next wakeup is due at 2020-02-06 20:47:31.463088 (in 599.998004 seconds) (2020-02-06 20:37:31; scheduler.py:588)
INFO:root: Shutting down thread pool (2020-02-06 20:39:01; threadpool.py:111)
INFO:apscheduler.threadpool: Started thread pool with 0 core threads and 20 maximum threads (2020-02-06 20:39:03; threadpool.py:52)
INFO:apscheduler.scheduler: Adding job tentatively -- it will be properly scheduled when the scheduler starts (2020-02-06 20:39:03; scheduler.py:287)
INFO:apscheduler.scheduler: Added job "mytask (trigger: interval[0:10:00], next run at: 2020-02-06 20:49:03.474476)" to job store "default" (2020-02-06 20:39:03; scheduler.py:262)
INFO:apscheduler.scheduler: Scheduler started (2020-02-06 20:39:03; scheduler.py:574)
DEBUG:apscheduler.scheduler: Looking for jobs to run (2020-02-06 20:39:03; scheduler.py:579)
DEBUG:apscheduler.scheduler: Next wakeup is due at 2020-02-06 20:49:03.474476 (in 599.998005 seconds) (2020-02-06 20:39:03; scheduler.py:588)
INFO:root: Shutting down thread pool (2020-02-06 20:40:21; threadpool.py:111)
INFO:apscheduler.threadpool: Started thread pool with 0 core threads and 20 maximum threads (2020-02-06 20:40:26; threadpool.py:52)
INFO:apscheduler.scheduler: Adding job tentatively -- it will be properly scheduled when the scheduler starts (2020-02-06 20:40:26; scheduler.py:287)
INFO:apscheduler.scheduler: Added job "mytask (trigger: interval[0:10:00], next run at: 2020-02-06 20:50:26.093088)" to job store "default" (2020-02-06 20:40:26; scheduler.py:262)
INFO:apscheduler.scheduler: Scheduler started (2020-02-06 20:40:26; scheduler.py:574)
DEBUG:apscheduler.scheduler: Looking for jobs to run (2020-02-06 20:40:26; scheduler.py:579)
DEBUG:apscheduler.scheduler: Next wakeup is due at 2020-02-06 20:50:26.093088 (in 599.999003 seconds) (2020-02-06 20:40:26; scheduler.py:588)
ERROR:django.request: Internal Server Error: /test/ (2020-02-06 20:40:34; exception.py:118)
Traceback (most recent call last):
  File "D:\Script\test\venv\lib\site-packages\django\core\handlers\exception.py", line 35, in inner
    response = get_response(request)
  File "D:\Script\test\venv\lib\site-packages\django\core\handlers\base.py", line 139, in _get_response
    "returned None instead." % (callback.__module__, view_name)
ValueError: The view autotest.views.test_function didn't return an HttpResponse object. It returned None instead.
INFO:autotest.myFunctions: Ã»ÓÐÔËÐÐÖÐµÄ¶¨Ê±ÈÎÎñ (2020-02-06 20:40:56; myFunctions.py:122)
ERROR:django.request: Internal Server Error: /test/ (2020-02-06 20:40:56; exception.py:118)
Traceback (most recent call last):
  File "D:\Script\test\venv\lib\site-packages\django\core\handlers\exception.py", line 35, in inner
    response = get_response(request)
  File "D:\Script\test\venv\lib\site-packages\django\core\handlers\base.py", line 139, in _get_response
    "returned None instead." % (callback.__module__, view_name)
ValueError: The view autotest.views.test_function didn't return an HttpResponse object. It returned None instead.
INFO:root: Shutting down thread pool (2020-02-06 20:40:58; threadpool.py:111)
INFO:apscheduler.threadpool: Started thread pool with 0 core threads and 20 maximum threads (2020-02-06 20:41:03; threadpool.py:52)
INFO:apscheduler.scheduler: Adding job tentatively -- it will be properly scheduled when the scheduler starts (2020-02-06 20:41:03; scheduler.py:287)
INFO:apscheduler.scheduler: Added job "mytask (trigger: interval[0:10:00], next run at: 2020-02-06 20:51:03.290965)" to job store "default" (2020-02-06 20:41:03; scheduler.py:262)
INFO:apscheduler.scheduler: Scheduler started (2020-02-06 20:41:03; scheduler.py:574)
DEBUG:apscheduler.scheduler: Looking for jobs to run (2020-02-06 20:41:03; scheduler.py:579)
DEBUG:apscheduler.scheduler: Next wakeup is due at 2020-02-06 20:51:03.290965 (in 599.998004 seconds) (2020-02-06 20:41:03; scheduler.py:588)
INFO:autotest.myFunctions: Ã»ÓÐÔËÐÐÖÐµÄ¶¨Ê±ÈÎÎñ (2020-02-06 20:41:04; myFunctions.py:122)
ERROR:django.request: Internal Server Error: /test/ (2020-02-06 20:41:04; exception.py:118)
Traceback (most recent call last):
  File "D:\Script\test\venv\lib\site-packages\django\core\handlers\exception.py", line 35, in inner
    response = get_response(request)
  File "D:\Script\test\venv\lib\site-packages\django\core\handlers\base.py", line 139, in _get_response
    "returned None instead." % (callback.__module__, view_name)
ValueError: The view autotest.views.test_function didn't return an HttpResponse object. It returned None instead.
INFO:autotest.myFunctions: Ã»ÓÐÔËÐÐÖÐµÄ¶¨Ê±ÈÎÎñ (2020-02-06 20:41:07; myFunctions.py:122)
ERROR:django.request: Internal Server Error: /test/ (2020-02-06 20:41:07; exception.py:118)
Traceback (most recent call last):
  File "D:\Script\test\venv\lib\site-packages\django\core\handlers\exception.py", line 35, in inner
    response = get_response(request)
  File "D:\Script\test\venv\lib\site-packages\django\core\handlers\base.py", line 139, in _get_response
    "returned None instead." % (callback.__module__, view_name)
ValueError: The view autotest.views.test_function didn't return an HttpResponse object. It returned None instead.
INFO:root: Shutting down thread pool (2020-02-06 20:41:24; threadpool.py:111)
INFO:apscheduler.threadpool: Started thread pool with 0 core threads and 20 maximum threads (2020-02-06 20:41:30; threadpool.py:52)
INFO:apscheduler.scheduler: Adding job tentatively -- it will be properly scheduled when the scheduler starts (2020-02-06 20:41:30; scheduler.py:287)
INFO:apscheduler.scheduler: Added job "mytask (trigger: interval[0:10:00], next run at: 2020-02-06 20:51:30.026707)" to job store "default" (2020-02-06 20:41:30; scheduler.py:262)
INFO:apscheduler.scheduler: Scheduler started (2020-02-06 20:41:30; scheduler.py:574)
DEBUG:apscheduler.scheduler: Looking for jobs to run (2020-02-06 20:41:30; scheduler.py:579)
DEBUG:apscheduler.scheduler: Next wakeup is due at 2020-02-06 20:51:30.026707 (in 599.998989 seconds) (2020-02-06 20:41:30; scheduler.py:588)
INFO:autotest.myFunctions: Ã»ÓÐÔËÐÐÖÐµÄ¶¨Ê±ÈÎÎñ (2020-02-06 20:41:32; myFunctions.py:122)
ERROR:django.request: Internal Server Error: /test/ (2020-02-06 20:41:32; exception.py:118)
Traceback (most recent call last):
  File "D:\Script\test\venv\lib\site-packages\django\core\handlers\exception.py", line 35, in inner
    response = get_response(request)
  File "D:\Script\test\venv\lib\site-packages\django\core\handlers\base.py", line 139, in _get_response
    "returned None instead." % (callback.__module__, view_name)
ValueError: The view autotest.views.test_function didn't return an HttpResponse object. It returned None instead.
INFO:autotest.myFunctions: Ã»ÓÐÔËÐÐÖÐµÄ¶¨Ê±ÈÎÎñ (2020-02-06 20:42:18; myFunctions.py:122)
ERROR:django.request: Internal Server Error: /test/ (2020-02-06 20:42:18; exception.py:118)
Traceback (most recent call last):
  File "D:\Script\test\venv\lib\site-packages\django\core\handlers\exception.py", line 35, in inner
    response = get_response(request)
  File "D:\Script\test\venv\lib\site-packages\django\core\handlers\base.py", line 139, in _get_response
    "returned None instead." % (callback.__module__, view_name)
ValueError: The view autotest.views.test_function didn't return an HttpResponse object. It returned None instead.
INFO:root: Shutting down thread pool (2020-02-06 20:42:27; threadpool.py:111)
INFO:apscheduler.threadpool: Started thread pool with 0 core threads and 20 maximum threads (2020-02-06 20:43:18; threadpool.py:52)
INFO:apscheduler.scheduler: Adding job tentatively -- it will be properly scheduled when the scheduler starts (2020-02-06 20:43:18; scheduler.py:287)
INFO:apscheduler.scheduler: Added job "mytask (trigger: interval[0:10:00], next run at: 2020-02-06 20:53:18.320671)" to job store "default" (2020-02-06 20:43:18; scheduler.py:262)
INFO:apscheduler.scheduler: Scheduler started (2020-02-06 20:43:18; scheduler.py:574)
DEBUG:apscheduler.scheduler: Looking for jobs to run (2020-02-06 20:43:18; scheduler.py:579)
DEBUG:apscheduler.scheduler: Next wakeup is due at 2020-02-06 20:53:18.320671 (in 599.999003 seconds) (2020-02-06 20:43:18; scheduler.py:588)
INFO:autotest.myFunctions: Ã»ÓÐÔËÐÐÖÐµÄ¶¨Ê±ÈÎÎñ (2020-02-06 20:43:21; myFunctions.py:122)
INFO:autotest.myFunctions: Ã»ÓÐÔËÐÐÖÐµÄ¶¨Ê±ÈÎÎñ (2020-02-06 20:43:31; myFunctions.py:122)
INFO:autotest.myFunctions: Ã»ÓÐÔËÐÐÖÐµÄ¶¨Ê±ÈÎÎñ (2020-02-06 20:44:30; myFunctions.py:122)
INFO:root: Shutting down thread pool (2020-02-06 20:46:15; threadpool.py:111)
INFO:apscheduler.threadpool: Started thread pool with 0 core threads and 20 maximum threads (2020-02-06 20:46:17; threadpool.py:52)
INFO:apscheduler.scheduler: Adding job tentatively -- it will be properly scheduled when the scheduler starts (2020-02-06 20:46:17; scheduler.py:287)
INFO:apscheduler.scheduler: Added job "mytask (trigger: interval[0:10:00], next run at: 2020-02-06 20:56:17.692107)" to job store "default" (2020-02-06 20:46:17; scheduler.py:262)
INFO:apscheduler.scheduler: Scheduler started (2020-02-06 20:46:17; scheduler.py:574)
DEBUG:apscheduler.scheduler: Looking for jobs to run (2020-02-06 20:46:17; scheduler.py:579)
DEBUG:apscheduler.scheduler: Next wakeup is due at 2020-02-06 20:56:17.692107 (in 599.998005 seconds) (2020-02-06 20:46:17; scheduler.py:588)
INFO:root: Shutting down thread pool (2020-02-06 20:46:48; threadpool.py:111)
INFO:apscheduler.threadpool: Started thread pool with 0 core threads and 20 maximum threads (2020-02-06 20:46:50; threadpool.py:52)
INFO:apscheduler.scheduler: Adding job tentatively -- it will be properly scheduled when the scheduler starts (2020-02-06 20:46:50; scheduler.py:287)
INFO:apscheduler.scheduler: Added job "mytask (trigger: interval[0:10:00], next run at: 2020-02-06 20:56:50.639376)" to job store "default" (2020-02-06 20:46:50; scheduler.py:262)
INFO:apscheduler.scheduler: Scheduler started (2020-02-06 20:46:50; scheduler.py:574)
DEBUG:apscheduler.scheduler: Looking for jobs to run (2020-02-06 20:46:50; scheduler.py:579)
DEBUG:apscheduler.scheduler: Next wakeup is due at 2020-02-06 20:56:50.639376 (in 599.998004 seconds) (2020-02-06 20:46:50; scheduler.py:588)
INFO:root: Shutting down thread pool (2020-02-06 20:52:30; threadpool.py:111)
INFO:apscheduler.threadpool: Started thread pool with 0 core threads and 20 maximum threads (2020-02-06 20:52:46; threadpool.py:52)
INFO:apscheduler.scheduler: Adding job tentatively -- it will be properly scheduled when the scheduler starts (2020-02-06 20:52:46; scheduler.py:287)
INFO:apscheduler.scheduler: Added job "mytask (trigger: interval[0:10:00], next run at: 2020-02-06 21:02:46.761817)" to job store "default" (2020-02-06 20:52:46; scheduler.py:262)
INFO:apscheduler.scheduler: Scheduler started (2020-02-06 20:52:46; scheduler.py:574)
DEBUG:apscheduler.scheduler: Looking for jobs to run (2020-02-06 20:52:46; scheduler.py:579)
DEBUG:apscheduler.scheduler: Next wakeup is due at 2020-02-06 21:02:46.761817 (in 599.998002 seconds) (2020-02-06 20:52:46; scheduler.py:588)
DEBUG:apscheduler.scheduler: Looking for jobs to run (2020-02-06 21:02:46; scheduler.py:579)
DEBUG:apscheduler.threadpool: Started worker thread (2020-02-06 21:02:46; threadpool.py:69)
INFO:apscheduler.scheduler: Running job "mytask (trigger: interval[0:10:00], next run at: 2020-02-06 21:12:46.761817)" (scheduled at 2020-02-06 21:02:46.761817) (2020-02-06 21:02:46; scheduler.py:509)
DEBUG:apscheduler.scheduler: Next wakeup is due at 2020-02-06 21:12:46.761817 (in 599.998659 seconds) (2020-02-06 21:02:46; scheduler.py:588)
INFO:autotest.myFunctions: Ã»ÓÐÔËÐÐÖÐµÄ¶¨Ê±ÈÎÎñ (2020-02-06 21:02:46; myFunctions.py:106)
INFO:apscheduler.scheduler: Job "mytask (trigger: interval[0:10:00], next run at: 2020-02-06 21:12:46.761817)" executed successfully (2020-02-06 21:02:46; scheduler.py:527)
DEBUG:apscheduler.threadpool: Exiting worker thread (2020-02-06 21:02:47; threadpool.py:94)
INFO:apscheduler.threadpool: Started thread pool with 0 core threads and 20 maximum threads (2020-02-17 16:46:06; threadpool.py:52)
INFO:apscheduler.scheduler: Adding job tentatively -- it will be properly scheduled when the scheduler starts (2020-02-17 16:46:06; scheduler.py:287)
INFO:apscheduler.scheduler: Added job "mytask (trigger: interval[0:10:00], next run at: 2020-02-17 16:56:06.611500)" to job store "default" (2020-02-17 16:46:06; scheduler.py:262)
INFO:apscheduler.scheduler: Scheduler started (2020-02-17 16:46:06; scheduler.py:574)
DEBUG:apscheduler.scheduler: Looking for jobs to run (2020-02-17 16:46:06; scheduler.py:579)
DEBUG:apscheduler.scheduler: Next wakeup is due at 2020-02-17 16:56:06.611500 (in 599.991000 seconds) (2020-02-17 16:46:06; scheduler.py:588)
INFO:apscheduler.threadpool: Started thread pool with 0 core threads and 20 maximum threads (2020-02-17 16:46:06; threadpool.py:52)
INFO:apscheduler.scheduler: Adding job tentatively -- it will be properly scheduled when the scheduler starts (2020-02-17 16:46:06; scheduler.py:287)
INFO:apscheduler.scheduler: Added job "mytask (trigger: interval[0:10:00], next run at: 2020-02-17 16:56:06.723500)" to job store "default" (2020-02-17 16:46:06; scheduler.py:262)
INFO:apscheduler.scheduler: Scheduler started (2020-02-17 16:46:06; scheduler.py:574)
DEBUG:apscheduler.scheduler: Looking for jobs to run (2020-02-17 16:46:06; scheduler.py:579)
DEBUG:apscheduler.scheduler: Next wakeup is due at 2020-02-17 16:56:06.723500 (in 599.990000 seconds) (2020-02-17 16:46:06; scheduler.py:588)
INFO:root: Shutting down thread pool (2020-02-17 16:47:31; threadpool.py:111)
INFO:root: Shutting down thread pool (2020-02-17 16:47:31; threadpool.py:111)
INFO:apscheduler.threadpool: Started thread pool with 0 core threads and 20 maximum threads (2020-02-17 16:47:33; threadpool.py:52)
INFO:apscheduler.scheduler: Adding job tentatively -- it will be properly scheduled when the scheduler starts (2020-02-17 16:47:33; scheduler.py:287)
INFO:apscheduler.scheduler: Added job "mytask (trigger: interval[0:10:00], next run at: 2020-02-17 16:57:33.351500)" to job store "default" (2020-02-17 16:47:33; scheduler.py:262)
INFO:apscheduler.scheduler: Scheduler started (2020-02-17 16:47:33; scheduler.py:574)
DEBUG:apscheduler.scheduler: Looking for jobs to run (2020-02-17 16:47:33; scheduler.py:579)
DEBUG:apscheduler.scheduler: Next wakeup is due at 2020-02-17 16:57:33.351500 (in 599.987000 seconds) (2020-02-17 16:47:33; scheduler.py:588)
INFO:root: Shutting down thread pool (2020-02-17 16:48:27; threadpool.py:111)
INFO:apscheduler.threadpool: Started thread pool with 0 core threads and 20 maximum threads (2020-02-17 16:48:28; threadpool.py:52)
INFO:apscheduler.scheduler: Adding job tentatively -- it will be properly scheduled when the scheduler starts (2020-02-17 16:48:28; scheduler.py:287)
INFO:apscheduler.scheduler: Added job "mytask (trigger: interval[0:10:00], next run at: 2020-02-17 16:58:28.709500)" to job store "default" (2020-02-17 16:48:28; scheduler.py:262)
INFO:apscheduler.scheduler: Scheduler started (2020-02-17 16:48:28; scheduler.py:574)
DEBUG:apscheduler.scheduler: Looking for jobs to run (2020-02-17 16:48:28; scheduler.py:579)
DEBUG:apscheduler.scheduler: Next wakeup is due at 2020-02-17 16:58:28.709500 (in 599.958000 seconds) (2020-02-17 16:48:28; scheduler.py:588)
INFO:apscheduler.threadpool: Started thread pool with 0 core threads and 20 maximum threads (2020-02-17 16:48:28; threadpool.py:52)
INFO:apscheduler.scheduler: Adding job tentatively -- it will be properly scheduled when the scheduler starts (2020-02-17 16:48:28; scheduler.py:287)
INFO:apscheduler.scheduler: Added job "mytask (trigger: interval[0:10:00], next run at: 2020-02-17 16:58:28.764500)" to job store "default" (2020-02-17 16:48:28; scheduler.py:262)
INFO:apscheduler.scheduler: Scheduler started (2020-02-17 16:48:28; scheduler.py:574)
DEBUG:apscheduler.scheduler: Looking for jobs to run (2020-02-17 16:48:28; scheduler.py:579)
DEBUG:apscheduler.scheduler: Next wakeup is due at 2020-02-17 16:58:28.764500 (in 599.970000 seconds) (2020-02-17 16:48:28; scheduler.py:588)
INFO:root: Shutting down thread pool (2020-02-17 16:52:42; threadpool.py:111)
INFO:root: Shutting down thread pool (2020-02-17 16:52:42; threadpool.py:111)
INFO:apscheduler.threadpool: Started thread pool with 0 core threads and 20 maximum threads (2020-02-17 16:52:43; threadpool.py:52)
INFO:apscheduler.scheduler: Adding job tentatively -- it will be properly scheduled when the scheduler starts (2020-02-17 16:52:43; scheduler.py:287)
INFO:apscheduler.scheduler: Added job "mytask (trigger: interval[0:10:00], next run at: 2020-02-17 17:02:43.647500)" to job store "default" (2020-02-17 16:52:43; scheduler.py:262)
INFO:apscheduler.scheduler: Scheduler started (2020-02-17 16:52:43; scheduler.py:574)
DEBUG:apscheduler.scheduler: Looking for jobs to run (2020-02-17 16:52:43; scheduler.py:579)
DEBUG:apscheduler.scheduler: Next wakeup is due at 2020-02-17 17:02:43.647500 (in 599.988000 seconds) (2020-02-17 16:52:43; scheduler.py:588)
INFO:root: Shutting down thread pool (2020-02-17 16:54:52; threadpool.py:111)
INFO:apscheduler.threadpool: Started thread pool with 0 core threads and 20 maximum threads (2020-02-17 16:54:54; threadpool.py:52)
INFO:apscheduler.scheduler: Adding job tentatively -- it will be properly scheduled when the scheduler starts (2020-02-17 16:54:54; scheduler.py:287)
INFO:apscheduler.scheduler: Added job "mytask (trigger: interval[0:10:00], next run at: 2020-02-17 17:04:54.431500)" to job store "default" (2020-02-17 16:54:54; scheduler.py:262)
INFO:apscheduler.scheduler: Scheduler started (2020-02-17 16:54:54; scheduler.py:574)
DEBUG:apscheduler.scheduler: Looking for jobs to run (2020-02-17 16:54:54; scheduler.py:579)
DEBUG:apscheduler.scheduler: Next wakeup is due at 2020-02-17 17:04:54.431500 (in 599.974000 seconds) (2020-02-17 16:54:54; scheduler.py:588)
ERROR:django.request: Internal Server Error: /project_list/ (2020-02-17 16:56:33; exception.py:118)
Traceback (most recent call last):
  File "D:\Programs\Python\Python37\lib\site-packages\django\core\handlers\exception.py", line 35, in inner
    response = get_response(request)
  File "D:\Programs\Python\Python37\lib\site-packages\django\core\handlers\base.py", line 128, in _get_response
    response = self.process_exception_by_middleware(e, request)
  File "D:\Programs\Python\Python37\lib\site-packages\django\core\handlers\base.py", line 126, in _get_response
    response = wrapped_callback(request, *callback_args, **callback_kwargs)
TypeError: project_list() takes 0 positional arguments but 1 was given
INFO:root: Shutting down thread pool (2020-02-17 16:56:53; threadpool.py:111)
INFO:apscheduler.threadpool: Started thread pool with 0 core threads and 20 maximum threads (2020-02-17 16:56:54; threadpool.py:52)
INFO:apscheduler.scheduler: Adding job tentatively -- it will be properly scheduled when the scheduler starts (2020-02-17 16:56:54; scheduler.py:287)
INFO:apscheduler.scheduler: Added job "mytask (trigger: interval[0:10:00], next run at: 2020-02-17 17:06:54.808500)" to job store "default" (2020-02-17 16:56:54; scheduler.py:262)
INFO:apscheduler.scheduler: Scheduler started (2020-02-17 16:56:54; scheduler.py:574)
DEBUG:apscheduler.scheduler: Looking for jobs to run (2020-02-17 16:56:54; scheduler.py:579)
DEBUG:apscheduler.scheduler: Next wakeup is due at 2020-02-17 17:06:54.808500 (in 599.986000 seconds) (2020-02-17 16:56:54; scheduler.py:588)
ERROR:django.request: Internal Server Error: /project_list/ (2020-02-17 16:56:56; exception.py:118)
Traceback (most recent call last):
  File "D:\Programs\Python\Python37\lib\site-packages\django\core\handlers\exception.py", line 35, in inner
    response = get_response(request)
  File "D:\Programs\Python\Python37\lib\site-packages\django\core\handlers\base.py", line 128, in _get_response
    response = self.process_exception_by_middleware(e, request)
  File "D:\Programs\Python\Python37\lib\site-packages\django\core\handlers\base.py", line 126, in _get_response
    response = wrapped_callback(request, *callback_args, **callback_kwargs)
  File "E:\project\version1.0\ÐÂ½¨ÎÄ¼þ¼Ð\QTqa\autotest\views_jiajia.py", line 6, in project_list
    return render_to_response(project_list.html)
AttributeError: 'function' object has no attribute 'html'
INFO:root: Shutting down thread pool (2020-02-17 16:57:25; threadpool.py:111)
INFO:apscheduler.threadpool: Started thread pool with 0 core threads and 20 maximum threads (2020-02-17 16:57:26; threadpool.py:52)
INFO:apscheduler.scheduler: Adding job tentatively -- it will be properly scheduled when the scheduler starts (2020-02-17 16:57:26; scheduler.py:287)
INFO:apscheduler.scheduler: Added job "mytask (trigger: interval[0:10:00], next run at: 2020-02-17 17:07:26.684500)" to job store "default" (2020-02-17 16:57:26; scheduler.py:262)
INFO:apscheduler.scheduler: Scheduler started (2020-02-17 16:57:26; scheduler.py:574)
DEBUG:apscheduler.scheduler: Looking for jobs to run (2020-02-17 16:57:26; scheduler.py:579)
DEBUG:apscheduler.scheduler: Next wakeup is due at 2020-02-17 17:07:26.684500 (in 599.974000 seconds) (2020-02-17 16:57:26; scheduler.py:588)
ERROR:django.request: Internal Server Error: /project_list/ (2020-02-17 16:57:27; exception.py:118)
Traceback (most recent call last):
  File "D:\Programs\Python\Python37\lib\site-packages\django\core\handlers\exception.py", line 35, in inner
    response = get_response(request)
  File "D:\Programs\Python\Python37\lib\site-packages\django\core\handlers\base.py", line 128, in _get_response
    response = self.process_exception_by_middleware(e, request)
  File "D:\Programs\Python\Python37\lib\site-packages\django\core\handlers\base.py", line 126, in _get_response
    response = wrapped_callback(request, *callback_args, **callback_kwargs)
  File "E:\project\version1.0\ÐÂ½¨ÎÄ¼þ¼Ð\QTqa\autotest\views_jiajia.py", line 6, in project_list
    return render_to_response(project_list.html)
AttributeError: 'function' object has no attribute 'html'
INFO:root: Shutting down thread pool (2020-02-17 16:57:47; threadpool.py:111)
INFO:apscheduler.threadpool: Started thread pool with 0 core threads and 20 maximum threads (2020-02-17 16:57:49; threadpool.py:52)
INFO:apscheduler.scheduler: Adding job tentatively -- it will be properly scheduled when the scheduler starts (2020-02-17 16:57:49; scheduler.py:287)
INFO:apscheduler.scheduler: Added job "mytask (trigger: interval[0:10:00], next run at: 2020-02-17 17:07:49.136500)" to job store "default" (2020-02-17 16:57:49; scheduler.py:262)
INFO:apscheduler.scheduler: Scheduler started (2020-02-17 16:57:49; scheduler.py:574)
DEBUG:apscheduler.scheduler: Looking for jobs to run (2020-02-17 16:57:49; scheduler.py:579)
DEBUG:apscheduler.scheduler: Next wakeup is due at 2020-02-17 17:07:49.136500 (in 599.982000 seconds) (2020-02-17 16:57:49; scheduler.py:588)
ERROR:django.request: Internal Server Error: /project_list/ (2020-02-17 16:57:51; exception.py:118)
Traceback (most recent call last):
  File "D:\Programs\Python\Python37\lib\site-packages\django\core\handlers\exception.py", line 35, in inner
    response = get_response(request)
  File "D:\Programs\Python\Python37\lib\site-packages\django\core\handlers\base.py", line 128, in _get_response
    response = self.process_exception_by_middleware(e, request)
  File "D:\Programs\Python\Python37\lib\site-packages\django\core\handlers\base.py", line 126, in _get_response
    response = wrapped_callback(request, *callback_args, **callback_kwargs)
  File "E:\project\version1.0\ÐÂ½¨ÎÄ¼þ¼Ð\QTqa\autotest\views_jiajia.py", line 6, in project_list
    return render_to_response(project_list.html)
AttributeError: 'function' object has no attribute 'html'
INFO:root: Shutting down thread pool (2020-02-17 16:58:22; threadpool.py:111)
INFO:apscheduler.threadpool: Started thread pool with 0 core threads and 20 maximum threads (2020-02-17 16:58:23; threadpool.py:52)
INFO:apscheduler.scheduler: Adding job tentatively -- it will be properly scheduled when the scheduler starts (2020-02-17 16:58:23; scheduler.py:287)
INFO:apscheduler.scheduler: Added job "mytask (trigger: interval[0:10:00], next run at: 2020-02-17 17:08:23.723500)" to job store "default" (2020-02-17 16:58:23; scheduler.py:262)
INFO:apscheduler.scheduler: Scheduler started (2020-02-17 16:58:23; scheduler.py:574)
DEBUG:apscheduler.scheduler: Looking for jobs to run (2020-02-17 16:58:23; scheduler.py:579)
DEBUG:apscheduler.scheduler: Next wakeup is due at 2020-02-17 17:08:23.723500 (in 599.981000 seconds) (2020-02-17 16:58:23; scheduler.py:588)
INFO:root: Shutting down thread pool (2020-02-17 17:00:46; threadpool.py:111)
INFO:apscheduler.threadpool: Started thread pool with 0 core threads and 20 maximum threads (2020-02-17 17:00:47; threadpool.py:52)
INFO:apscheduler.scheduler: Adding job tentatively -- it will be properly scheduled when the scheduler starts (2020-02-17 17:00:47; scheduler.py:287)
INFO:apscheduler.scheduler: Added job "mytask (trigger: interval[0:10:00], next run at: 2020-02-17 17:10:47.682500)" to job store "default" (2020-02-17 17:00:47; scheduler.py:262)
INFO:apscheduler.scheduler: Scheduler started (2020-02-17 17:00:47; scheduler.py:574)
DEBUG:apscheduler.scheduler: Looking for jobs to run (2020-02-17 17:00:47; scheduler.py:579)
DEBUG:apscheduler.scheduler: Next wakeup is due at 2020-02-17 17:10:47.682500 (in 599.985000 seconds) (2020-02-17 17:00:47; scheduler.py:588)
INFO:root: Shutting down thread pool (2020-02-17 17:01:02; threadpool.py:111)
INFO:apscheduler.threadpool: Started thread pool with 0 core threads and 20 maximum threads (2020-02-17 17:01:04; threadpool.py:52)
INFO:apscheduler.scheduler: Adding job tentatively -- it will be properly scheduled when the scheduler starts (2020-02-17 17:01:04; scheduler.py:287)
INFO:apscheduler.scheduler: Added job "mytask (trigger: interval[0:10:00], next run at: 2020-02-17 17:11:04.310500)" to job store "default" (2020-02-17 17:01:04; scheduler.py:262)
INFO:apscheduler.scheduler: Scheduler started (2020-02-17 17:01:04; scheduler.py:574)
DEBUG:apscheduler.scheduler: Looking for jobs to run (2020-02-17 17:01:04; scheduler.py:579)
DEBUG:apscheduler.scheduler: Next wakeup is due at 2020-02-17 17:11:04.310500 (in 599.983000 seconds) (2020-02-17 17:01:04; scheduler.py:588)
INFO:root: Shutting down thread pool (2020-02-17 17:05:24; threadpool.py:111)
INFO:apscheduler.threadpool: Started thread pool with 0 core threads and 20 maximum threads (2020-02-17 17:05:25; threadpool.py:52)
INFO:apscheduler.scheduler: Adding job tentatively -- it will be properly scheduled when the scheduler starts (2020-02-17 17:05:25; scheduler.py:287)
INFO:apscheduler.scheduler: Added job "mytask (trigger: interval[0:10:00], next run at: 2020-02-17 17:15:25.730500)" to job store "default" (2020-02-17 17:05:25; scheduler.py:262)
INFO:apscheduler.scheduler: Scheduler started (2020-02-17 17:05:25; scheduler.py:574)
DEBUG:apscheduler.scheduler: Looking for jobs to run (2020-02-17 17:05:25; scheduler.py:579)
DEBUG:apscheduler.scheduler: Next wakeup is due at 2020-02-17 17:15:25.730500 (in 599.956000 seconds) (2020-02-17 17:05:25; scheduler.py:588)
INFO:root: Shutting down thread pool (2020-02-17 17:06:54; threadpool.py:111)
INFO:apscheduler.threadpool: Started thread pool with 0 core threads and 20 maximum threads (2020-02-17 17:06:55; threadpool.py:52)
INFO:apscheduler.scheduler: Adding job tentatively -- it will be properly scheduled when the scheduler starts (2020-02-17 17:06:55; scheduler.py:287)
INFO:apscheduler.scheduler: Added job "mytask (trigger: interval[0:10:00], next run at: 2020-02-17 17:16:55.540500)" to job store "default" (2020-02-17 17:06:55; scheduler.py:262)
INFO:apscheduler.scheduler: Scheduler started (2020-02-17 17:06:55; scheduler.py:574)
DEBUG:apscheduler.scheduler: Looking for jobs to run (2020-02-17 17:06:55; scheduler.py:579)
DEBUG:apscheduler.scheduler: Next wakeup is due at 2020-02-17 17:16:55.540500 (in 599.968000 seconds) (2020-02-17 17:06:55; scheduler.py:588)
DEBUG:apscheduler.scheduler: Looking for jobs to run (2020-02-17 17:16:55; scheduler.py:579)
DEBUG:apscheduler.threadpool: Started worker thread (2020-02-17 17:16:55; threadpool.py:69)
INFO:apscheduler.scheduler: Running job "mytask (trigger: interval[0:10:00], next run at: 2020-02-17 17:26:55.540500)" (scheduled at 2020-02-17 17:16:55.540500) (2020-02-17 17:16:55; scheduler.py:509)
DEBUG:apscheduler.scheduler: Next wakeup is due at 2020-02-17 17:26:55.540500 (in 599.977000 seconds) (2020-02-17 17:16:55; scheduler.py:588)
INFO:autotest.myFunctions: number_subtasks_to_excuted:0 (2020-02-17 17:16:55; myFunctions.py:123)
ERROR:apscheduler.scheduler: Job "mytask (trigger: interval[0:10:00], next run at: 2020-02-17 17:26:55.540500)" raised an exception (2020-02-17 17:16:55; scheduler.py:520)
Traceback (most recent call last):
  File "D:\Programs\Python\Python37\lib\site-packages\django\db\backends\utils.py", line 85, in _execute
    return self.cursor.execute(sql, params)
  File "D:\Programs\Python\Python37\lib\site-packages\django\db\backends\mysql\base.py", line 71, in execute
    return self.cursor.execute(query, args)
  File "D:\Programs\Python\Python37\lib\site-packages\pymysql\cursors.py", line 170, in execute
    result = self._query(query)
  File "D:\Programs\Python\Python37\lib\site-packages\pymysql\cursors.py", line 328, in _query
    conn.query(q)
  File "D:\Programs\Python\Python37\lib\site-packages\pymysql\connections.py", line 517, in query
    self._affected_rows = self._read_query_result(unbuffered=unbuffered)
  File "D:\Programs\Python\Python37\lib\site-packages\pymysql\connections.py", line 732, in _read_query_result
    result.read()
  File "D:\Programs\Python\Python37\lib\site-packages\pymysql\connections.py", line 1075, in read
    first_packet = self.connection._read_packet()
  File "D:\Programs\Python\Python37\lib\site-packages\pymysql\connections.py", line 684, in _read_packet
    packet.check_error()
  File "D:\Programs\Python\Python37\lib\site-packages\pymysql\protocol.py", line 220, in check_error
    err.raise_mysql_exception(self._data)
  File "D:\Programs\Python\Python37\lib\site-packages\pymysql\err.py", line 109, in raise_mysql_exception
    raise errorclass(errno, errval)
pymysql.err.InternalError: (1054, "Unknown column 'CronJob.enable' in 'where clause'")

The above exception was the direct cause of the following exception:

Traceback (most recent call last):
  File "D:\Programs\Python\Python37\lib\site-packages\apscheduler\scheduler.py", line 512, in _run_job
    retval = job.func(*job.args, **job.kwargs)
  File "E:\project\version1.0\ÐÂ½¨ÎÄ¼þ¼Ð\QTqa\QA\urls.py", line 38, in mytask
    scheduler_task_in_startupItems()
  File "E:\project\version1.0\ÐÂ½¨ÎÄ¼þ¼Ð\QTqa\autotest\myFunctions.py", line 241, in scheduler_task_in_startupItems
    excute_subtasks()
  File "E:\project\version1.0\ÐÂ½¨ÎÄ¼þ¼Ð\QTqa\autotest\myFunctions.py", line 288, in excute_subtasks
    reset_cronjob_status()
  File "E:\project\version1.0\ÐÂ½¨ÎÄ¼þ¼Ð\QTqa\autotest\myFunctions.py", line 57, in reset_cronjob_status
    type__in=['timing_task','instant_task']).count()
  File "D:\Programs\Python\Python37\lib\site-packages\django\db\models\query.py", line 387, in count
    return self.query.get_count(using=self.db)
  File "D:\Programs\Python\Python37\lib\site-packages\django\db\models\sql\query.py", line 491, in get_count
    number = obj.get_aggregation(using, ['__count'])['__count']
  File "D:\Programs\Python\Python37\lib\site-packages\django\db\models\sql\query.py", line 476, in get_aggregation
    result = compiler.execute_sql(SINGLE)
  File "D:\Programs\Python\Python37\lib\site-packages\django\db\models\sql\compiler.py", line 1063, in execute_sql
    cursor.execute(sql, params)
  File "D:\Programs\Python\Python37\lib\site-packages\django\db\backends\utils.py", line 100, in execute
    return super().execute(sql, params)
  File "D:\Programs\Python\Python37\lib\site-packages\django\db\backends\utils.py", line 68, in execute
    return self._execute_with_wrappers(sql, params, many=False, executor=self._execute)
  File "D:\Programs\Python\Python37\lib\site-packages\django\db\backends\utils.py", line 77, in _execute_with_wrappers
    return executor(sql, params, many, context)
  File "D:\Programs\Python\Python37\lib\site-packages\django\db\backends\utils.py", line 85, in _execute
    return self.cursor.execute(sql, params)
  File "D:\Programs\Python\Python37\lib\site-packages\django\db\utils.py", line 89, in __exit__
    raise dj_exc_value.with_traceback(traceback) from exc_value
  File "D:\Programs\Python\Python37\lib\site-packages\django\db\backends\utils.py", line 85, in _execute
    return self.cursor.execute(sql, params)
  File "D:\Programs\Python\Python37\lib\site-packages\django\db\backends\mysql\base.py", line 71, in execute
    return self.cursor.execute(query, args)
  File "D:\Programs\Python\Python37\lib\site-packages\pymysql\cursors.py", line 170, in execute
    result = self._query(query)
  File "D:\Programs\Python\Python37\lib\site-packages\pymysql\cursors.py", line 328, in _query
    conn.query(q)
  File "D:\Programs\Python\Python37\lib\site-packages\pymysql\connections.py", line 517, in query
    self._affected_rows = self._read_query_result(unbuffered=unbuffered)
  File "D:\Programs\Python\Python37\lib\site-packages\pymysql\connections.py", line 732, in _read_query_result
    result.read()
  File "D:\Programs\Python\Python37\lib\site-packages\pymysql\connections.py", line 1075, in read
    first_packet = self.connection._read_packet()
  File "D:\Programs\Python\Python37\lib\site-packages\pymysql\connections.py", line 684, in _read_packet
    packet.check_error()
  File "D:\Programs\Python\Python37\lib\site-packages\pymysql\protocol.py", line 220, in check_error
    err.raise_mysql_exception(self._data)
  File "D:\Programs\Python\Python37\lib\site-packages\pymysql\err.py", line 109, in raise_mysql_exception
    raise errorclass(errno, errval)
django.db.utils.InternalError: (1054, "Unknown column 'CronJob.enable' in 'where clause'")
DEBUG:apscheduler.threadpool: Exiting worker thread (2020-02-17 17:16:56; threadpool.py:94)
INFO:root: Shutting down thread pool (2020-02-17 17:21:35; threadpool.py:111)
INFO:apscheduler.threadpool: Started thread pool with 0 core threads and 20 maximum threads (2020-02-17 17:21:38; threadpool.py:52)
INFO:apscheduler.scheduler: Adding job tentatively -- it will be properly scheduled when the scheduler starts (2020-02-17 17:21:38; scheduler.py:287)
INFO:apscheduler.scheduler: Added job "mytask (trigger: interval[0:10:00], next run at: 2020-02-17 17:31:38.791500)" to job store "default" (2020-02-17 17:21:38; scheduler.py:262)
INFO:apscheduler.scheduler: Scheduler started (2020-02-17 17:21:38; scheduler.py:574)
DEBUG:apscheduler.scheduler: Looking for jobs to run (2020-02-17 17:21:38; scheduler.py:579)
DEBUG:apscheduler.scheduler: Next wakeup is due at 2020-02-17 17:31:38.791500 (in 599.979000 seconds) (2020-02-17 17:21:38; scheduler.py:588)
DEBUG:apscheduler.scheduler: Looking for jobs to run (2020-02-17 17:31:38; scheduler.py:579)
DEBUG:apscheduler.threadpool: Started worker thread (2020-02-17 17:31:38; threadpool.py:69)
DEBUG:apscheduler.scheduler: Next wakeup is due at 2020-02-17 17:41:38.791500 (in 599.984000 seconds) (2020-02-17 17:31:38; scheduler.py:588)
INFO:apscheduler.scheduler: Running job "mytask (trigger: interval[0:10:00], next run at: 2020-02-17 17:41:38.791500)" (scheduled at 2020-02-17 17:31:38.791500) (2020-02-17 17:31:38; scheduler.py:509)
INFO:autotest.myFunctions: number_subtasks_to_excuted:0 (2020-02-17 17:31:38; myFunctions.py:123)
ERROR:apscheduler.scheduler: Job "mytask (trigger: interval[0:10:00], next run at: 2020-02-17 17:41:38.791500)" raised an exception (2020-02-17 17:31:38; scheduler.py:520)
Traceback (most recent call last):
  File "D:\Programs\Python\Python37\lib\site-packages\django\db\backends\utils.py", line 85, in _execute
    return self.cursor.execute(sql, params)
  File "D:\Programs\Python\Python37\lib\site-packages\django\db\backends\mysql\base.py", line 71, in execute
    return self.cursor.execute(query, args)
  File "D:\Programs\Python\Python37\lib\site-packages\pymysql\cursors.py", line 170, in execute
    result = self._query(query)
  File "D:\Programs\Python\Python37\lib\site-packages\pymysql\cursors.py", line 328, in _query
    conn.query(q)
  File "D:\Programs\Python\Python37\lib\site-packages\pymysql\connections.py", line 517, in query
    self._affected_rows = self._read_query_result(unbuffered=unbuffered)
  File "D:\Programs\Python\Python37\lib\site-packages\pymysql\connections.py", line 732, in _read_query_result
    result.read()
  File "D:\Programs\Python\Python37\lib\site-packages\pymysql\connections.py", line 1075, in read
    first_packet = self.connection._read_packet()
  File "D:\Programs\Python\Python37\lib\site-packages\pymysql\connections.py", line 684, in _read_packet
    packet.check_error()
  File "D:\Programs\Python\Python37\lib\site-packages\pymysql\protocol.py", line 220, in check_error
    err.raise_mysql_exception(self._data)
  File "D:\Programs\Python\Python37\lib\site-packages\pymysql\err.py", line 109, in raise_mysql_exception
    raise errorclass(errno, errval)
pymysql.err.InternalError: (1054, "Unknown column 'CronJob.enable' in 'where clause'")

The above exception was the direct cause of the following exception:

Traceback (most recent call last):
  File "D:\Programs\Python\Python37\lib\site-packages\apscheduler\scheduler.py", line 512, in _run_job
    retval = job.func(*job.args, **job.kwargs)
  File "E:\project\version1.0\ÐÂ½¨ÎÄ¼þ¼Ð\QTqa\QA\urls.py", line 38, in mytask
    scheduler_task_in_startupItems()
  File "E:\project\version1.0\ÐÂ½¨ÎÄ¼þ¼Ð\QTqa\autotest\myFunctions.py", line 241, in scheduler_task_in_startupItems
    excute_subtasks()
  File "E:\project\version1.0\ÐÂ½¨ÎÄ¼þ¼Ð\QTqa\autotest\myFunctions.py", line 288, in excute_subtasks
    reset_cronjob_status()
  File "E:\project\version1.0\ÐÂ½¨ÎÄ¼þ¼Ð\QTqa\autotest\myFunctions.py", line 57, in reset_cronjob_status
    type__in=['timing_task','instant_task']).count()
  File "D:\Programs\Python\Python37\lib\site-packages\django\db\models\query.py", line 387, in count
    return self.query.get_count(using=self.db)
  File "D:\Programs\Python\Python37\lib\site-packages\django\db\models\sql\query.py", line 491, in get_count
    number = obj.get_aggregation(using, ['__count'])['__count']
  File "D:\Programs\Python\Python37\lib\site-packages\django\db\models\sql\query.py", line 476, in get_aggregation
    result = compiler.execute_sql(SINGLE)
  File "D:\Programs\Python\Python37\lib\site-packages\django\db\models\sql\compiler.py", line 1063, in execute_sql
    cursor.execute(sql, params)
  File "D:\Programs\Python\Python37\lib\site-packages\django\db\backends\utils.py", line 100, in execute
    return super().execute(sql, params)
  File "D:\Programs\Python\Python37\lib\site-packages\django\db\backends\utils.py", line 68, in execute
    return self._execute_with_wrappers(sql, params, many=False, executor=self._execute)
  File "D:\Programs\Python\Python37\lib\site-packages\django\db\backends\utils.py", line 77, in _execute_with_wrappers
    return executor(sql, params, many, context)
  File "D:\Programs\Python\Python37\lib\site-packages\django\db\backends\utils.py", line 85, in _execute
    return self.cursor.execute(sql, params)
  File "D:\Programs\Python\Python37\lib\site-packages\django\db\utils.py", line 89, in __exit__
    raise dj_exc_value.with_traceback(traceback) from exc_value
  File "D:\Programs\Python\Python37\lib\site-packages\django\db\backends\utils.py", line 85, in _execute
    return self.cursor.execute(sql, params)
  File "D:\Programs\Python\Python37\lib\site-packages\django\db\backends\mysql\base.py", line 71, in execute
    return self.cursor.execute(query, args)
  File "D:\Programs\Python\Python37\lib\site-packages\pymysql\cursors.py", line 170, in execute
    result = self._query(query)
  File "D:\Programs\Python\Python37\lib\site-packages\pymysql\cursors.py", line 328, in _query
    conn.query(q)
  File "D:\Programs\Python\Python37\lib\site-packages\pymysql\connections.py", line 517, in query
    self._affected_rows = self._read_query_result(unbuffered=unbuffered)
  File "D:\Programs\Python\Python37\lib\site-packages\pymysql\connections.py", line 732, in _read_query_result
    result.read()
  File "D:\Programs\Python\Python37\lib\site-packages\pymysql\connections.py", line 1075, in read
    first_packet = self.connection._read_packet()
  File "D:\Programs\Python\Python37\lib\site-packages\pymysql\connections.py", line 684, in _read_packet
    packet.check_error()
  File "D:\Programs\Python\Python37\lib\site-packages\pymysql\protocol.py", line 220, in check_error
    err.raise_mysql_exception(self._data)
  File "D:\Programs\Python\Python37\lib\site-packages\pymysql\err.py", line 109, in raise_mysql_exception
    raise errorclass(errno, errval)
django.db.utils.InternalError: (1054, "Unknown column 'CronJob.enable' in 'where clause'")
DEBUG:apscheduler.threadpool: Exiting worker thread (2020-02-17 17:31:39; threadpool.py:94)
INFO:root: Shutting down thread pool (2020-02-17 17:33:41; threadpool.py:111)
INFO:apscheduler.threadpool: Started thread pool with 0 core threads and 20 maximum threads (2020-02-17 17:33:50; threadpool.py:52)
INFO:apscheduler.scheduler: Adding job tentatively -- it will be properly scheduled when the scheduler starts (2020-02-17 17:33:50; scheduler.py:287)
INFO:apscheduler.scheduler: Added job "mytask (trigger: interval[0:10:00], next run at: 2020-02-17 17:43:50.735500)" to job store "default" (2020-02-17 17:33:50; scheduler.py:262)
INFO:apscheduler.scheduler: Scheduler started (2020-02-17 17:33:50; scheduler.py:574)
DEBUG:apscheduler.scheduler: Looking for jobs to run (2020-02-17 17:33:50; scheduler.py:579)
DEBUG:apscheduler.scheduler: Next wakeup is due at 2020-02-17 17:43:50.735500 (in 599.985000 seconds) (2020-02-17 17:33:50; scheduler.py:588)
ERROR:django.request: Internal Server Error: /add_suite/ (2020-02-17 17:37:20; exception.py:118)
Traceback (most recent call last):
  File "D:\Programs\Python\Python37\lib\site-packages\django\db\backends\utils.py", line 85, in _execute
    return self.cursor.execute(sql, params)
  File "D:\Programs\Python\Python37\lib\site-packages\django\db\backends\mysql\base.py", line 71, in execute
    return self.cursor.execute(query, args)
  File "D:\Programs\Python\Python37\lib\site-packages\pymysql\cursors.py", line 170, in execute
    result = self._query(query)
  File "D:\Programs\Python\Python37\lib\site-packages\pymysql\cursors.py", line 328, in _query
    conn.query(q)
  File "D:\Programs\Python\Python37\lib\site-packages\pymysql\connections.py", line 517, in query
    self._affected_rows = self._read_query_result(unbuffered=unbuffered)
  File "D:\Programs\Python\Python37\lib\site-packages\pymysql\connections.py", line 732, in _read_query_result
    result.read()
  File "D:\Programs\Python\Python37\lib\site-packages\pymysql\connections.py", line 1075, in read
    first_packet = self.connection._read_packet()
  File "D:\Programs\Python\Python37\lib\site-packages\pymysql\connections.py", line 684, in _read_packet
    packet.check_error()
  File "D:\Programs\Python\Python37\lib\site-packages\pymysql\protocol.py", line 220, in check_error
    err.raise_mysql_exception(self._data)
  File "D:\Programs\Python\Python37\lib\site-packages\pymysql\err.py", line 109, in raise_mysql_exception
    raise errorclass(errno, errval)
pymysql.err.IntegrityError: (1048, "Column 'description' cannot be null")

The above exception was the direct cause of the following exception:

Traceback (most recent call last):
  File "D:\Programs\Python\Python37\lib\site-packages\django\core\handlers\exception.py", line 35, in inner
    response = get_response(request)
  File "D:\Programs\Python\Python37\lib\site-packages\django\core\handlers\base.py", line 128, in _get_response
    response = self.process_exception_by_middleware(e, request)
  File "D:\Programs\Python\Python37\lib\site-packages\django\core\handlers\base.py", line 126, in _get_response
    response = wrapped_callback(request, *callback_args, **callback_kwargs)
  File "E:\project\version1.0\ÐÂ½¨ÎÄ¼þ¼Ð\QTqa\autotest\views_suite.py", line 36, in add_suite
    suite_obj.save()
  File "D:\Programs\Python\Python37\lib\site-packages\django\db\models\base.py", line 729, in save
    force_update=force_update, update_fields=update_fields)
  File "D:\Programs\Python\Python37\lib\site-packages\django\db\models\base.py", line 759, in save_base
    updated = self._save_table(raw, cls, force_insert, force_update, using, update_fields)
  File "D:\Programs\Python\Python37\lib\site-packages\django\db\models\base.py", line 842, in _save_table
    result = self._do_insert(cls._base_manager, using, fields, update_pk, raw)
  File "D:\Programs\Python\Python37\lib\site-packages\django\db\models\base.py", line 880, in _do_insert
    using=using, raw=raw)
  File "D:\Programs\Python\Python37\lib\site-packages\django\db\models\manager.py", line 82, in manager_method
    return getattr(self.get_queryset(), name)(*args, **kwargs)
  File "D:\Programs\Python\Python37\lib\site-packages\django\db\models\query.py", line 1125, in _insert
    return query.get_compiler(using=using).execute_sql(return_id)
  File "D:\Programs\Python\Python37\lib\site-packages\django\db\models\sql\compiler.py", line 1280, in execute_sql
    cursor.execute(sql, params)
  File "D:\Programs\Python\Python37\lib\site-packages\django\db\backends\utils.py", line 100, in execute
    return super().execute(sql, params)
  File "D:\Programs\Python\Python37\lib\site-packages\django\db\backends\utils.py", line 68, in execute
    return self._execute_with_wrappers(sql, params, many=False, executor=self._execute)
  File "D:\Programs\Python\Python37\lib\site-packages\django\db\backends\utils.py", line 77, in _execute_with_wrappers
    return executor(sql, params, many, context)
  File "D:\Programs\Python\Python37\lib\site-packages\django\db\backends\utils.py", line 85, in _execute
    return self.cursor.execute(sql, params)
  File "D:\Programs\Python\Python37\lib\site-packages\django\db\utils.py", line 89, in __exit__
    raise dj_exc_value.with_traceback(traceback) from exc_value
  File "D:\Programs\Python\Python37\lib\site-packages\django\db\backends\utils.py", line 85, in _execute
    return self.cursor.execute(sql, params)
  File "D:\Programs\Python\Python37\lib\site-packages\django\db\backends\mysql\base.py", line 71, in execute
    return self.cursor.execute(query, args)
  File "D:\Programs\Python\Python37\lib\site-packages\pymysql\cursors.py", line 170, in execute
    result = self._query(query)
  File "D:\Programs\Python\Python37\lib\site-packages\pymysql\cursors.py", line 328, in _query
    conn.query(q)
  File "D:\Programs\Python\Python37\lib\site-packages\pymysql\connections.py", line 517, in query
    self._affected_rows = self._read_query_result(unbuffered=unbuffered)
  File "D:\Programs\Python\Python37\lib\site-packages\pymysql\connections.py", line 732, in _read_query_result
    result.read()
  File "D:\Programs\Python\Python37\lib\site-packages\pymysql\connections.py", line 1075, in read
    first_packet = self.connection._read_packet()
  File "D:\Programs\Python\Python37\lib\site-packages\pymysql\connections.py", line 684, in _read_packet
    packet.check_error()
  File "D:\Programs\Python\Python37\lib\site-packages\pymysql\protocol.py", line 220, in check_error
    err.raise_mysql_exception(self._data)
  File "D:\Programs\Python\Python37\lib\site-packages\pymysql\err.py", line 109, in raise_mysql_exception
    raise errorclass(errno, errval)
django.db.utils.IntegrityError: (1048, "Column 'description' cannot be null")
INFO:root: Shutting down thread pool (2020-02-17 17:42:01; threadpool.py:111)
INFO:apscheduler.threadpool: Started thread pool with 0 core threads and 20 maximum threads (2020-02-17 17:42:18; threadpool.py:52)
INFO:apscheduler.scheduler: Adding job tentatively -- it will be properly scheduled when the scheduler starts (2020-02-17 17:42:18; scheduler.py:287)
INFO:apscheduler.scheduler: Added job "mytask (trigger: interval[0:10:00], next run at: 2020-02-17 17:52:18.772500)" to job store "default" (2020-02-17 17:42:18; scheduler.py:262)
INFO:apscheduler.scheduler: Scheduler started (2020-02-17 17:42:18; scheduler.py:574)
DEBUG:apscheduler.scheduler: Looking for jobs to run (2020-02-17 17:42:18; scheduler.py:579)
DEBUG:apscheduler.scheduler: Next wakeup is due at 2020-02-17 17:52:18.772500 (in 599.983000 seconds) (2020-02-17 17:42:18; scheduler.py:588)
INFO:root: Shutting down thread pool (2020-02-17 17:42:20; threadpool.py:111)
INFO:apscheduler.threadpool: Started thread pool with 0 core threads and 20 maximum threads (2020-02-17 17:42:47; threadpool.py:52)
INFO:apscheduler.scheduler: Adding job tentatively -- it will be properly scheduled when the scheduler starts (2020-02-17 17:42:47; scheduler.py:287)
INFO:apscheduler.scheduler: Added job "mytask (trigger: interval[0:10:00], next run at: 2020-02-17 17:52:47.740500)" to job store "default" (2020-02-17 17:42:47; scheduler.py:262)
INFO:apscheduler.scheduler: Scheduler started (2020-02-17 17:42:47; scheduler.py:574)
DEBUG:apscheduler.scheduler: Looking for jobs to run (2020-02-17 17:42:47; scheduler.py:579)
DEBUG:apscheduler.scheduler: Next wakeup is due at 2020-02-17 17:52:47.740500 (in 599.980000 seconds) (2020-02-17 17:42:47; scheduler.py:588)
INFO:root: Shutting down thread pool (2020-02-17 17:43:10; threadpool.py:111)
INFO:apscheduler.threadpool: Started thread pool with 0 core threads and 20 maximum threads (2020-02-17 17:43:57; threadpool.py:52)
INFO:apscheduler.scheduler: Adding job tentatively -- it will be properly scheduled when the scheduler starts (2020-02-17 17:43:57; scheduler.py:287)
INFO:apscheduler.scheduler: Added job "mytask (trigger: interval[0:10:00], next run at: 2020-02-17 17:53:57.450500)" to job store "default" (2020-02-17 17:43:57; scheduler.py:262)
INFO:apscheduler.scheduler: Scheduler started (2020-02-17 17:43:57; scheduler.py:574)
DEBUG:apscheduler.scheduler: Looking for jobs to run (2020-02-17 17:43:57; scheduler.py:579)
DEBUG:apscheduler.scheduler: Next wakeup is due at 2020-02-17 17:53:57.450500 (in 599.980000 seconds) (2020-02-17 17:43:57; scheduler.py:588)
INFO:root: Shutting down thread pool (2020-02-17 17:43:57; threadpool.py:111)
INFO:apscheduler.threadpool: Started thread pool with 0 core threads and 20 maximum threads (2020-02-17 17:44:40; threadpool.py:52)
INFO:apscheduler.scheduler: Adding job tentatively -- it will be properly scheduled when the scheduler starts (2020-02-17 17:44:40; scheduler.py:287)
INFO:apscheduler.scheduler: Added job "mytask (trigger: interval[0:10:00], next run at: 2020-02-17 17:54:40.932500)" to job store "default" (2020-02-17 17:44:40; scheduler.py:262)
INFO:apscheduler.scheduler: Scheduler started (2020-02-17 17:44:40; scheduler.py:574)
DEBUG:apscheduler.scheduler: Looking for jobs to run (2020-02-17 17:44:40; scheduler.py:579)
DEBUG:apscheduler.scheduler: Next wakeup is due at 2020-02-17 17:54:40.932500 (in 599.986000 seconds) (2020-02-17 17:44:40; scheduler.py:588)
ERROR:django.request: Internal Server Error: /add_suite/SearchForProject/ (2020-02-17 17:44:57; exception.py:118)
Traceback (most recent call last):
  File "D:\Programs\Python\Python37\lib\site-packages\django\db\backends\utils.py", line 85, in _execute
    return self.cursor.execute(sql, params)
  File "D:\Programs\Python\Python37\lib\site-packages\django\db\backends\mysql\base.py", line 71, in execute
    return self.cursor.execute(query, args)
  File "D:\Programs\Python\Python37\lib\site-packages\pymysql\cursors.py", line 170, in execute
    result = self._query(query)
  File "D:\Programs\Python\Python37\lib\site-packages\pymysql\cursors.py", line 328, in _query
    conn.query(q)
  File "D:\Programs\Python\Python37\lib\site-packages\pymysql\connections.py", line 517, in query
    self._affected_rows = self._read_query_result(unbuffered=unbuffered)
  File "D:\Programs\Python\Python37\lib\site-packages\pymysql\connections.py", line 732, in _read_query_result
    result.read()
  File "D:\Programs\Python\Python37\lib\site-packages\pymysql\connections.py", line 1075, in read
    first_packet = self.connection._read_packet()
  File "D:\Programs\Python\Python37\lib\site-packages\pymysql\connections.py", line 684, in _read_packet
    packet.check_error()
  File "D:\Programs\Python\Python37\lib\site-packages\pymysql\protocol.py", line 220, in check_error
    err.raise_mysql_exception(self._data)
  File "D:\Programs\Python\Python37\lib\site-packages\pymysql\err.py", line 109, in raise_mysql_exception
    raise errorclass(errno, errval)
pymysql.err.ProgrammingError: (1146, "Table 'kqqa.project' doesn't exist")

The above exception was the direct cause of the following exception:

Traceback (most recent call last):
  File "D:\Programs\Python\Python37\lib\site-packages\django\core\handlers\exception.py", line 35, in inner
    response = get_response(request)
  File "D:\Programs\Python\Python37\lib\site-packages\django\core\handlers\base.py", line 128, in _get_response
    response = self.process_exception_by_middleware(e, request)
  File "D:\Programs\Python\Python37\lib\site-packages\django\core\handlers\base.py", line 126, in _get_response
    response = wrapped_callback(request, *callback_args, **callback_kwargs)
  File "E:\project\version1.0\ÐÂ½¨ÎÄ¼þ¼Ð\QTqa\autotest\views_project.py", line 184, in SearchForProject
    for pro in query_pro:
  File "D:\Programs\Python\Python37\lib\site-packages\django\db\models\query.py", line 272, in __iter__
    self._fetch_all()
  File "D:\Programs\Python\Python37\lib\site-packages\django\db\models\query.py", line 1179, in _fetch_all
    self._result_cache = list(self._iterable_class(self))
  File "D:\Programs\Python\Python37\lib\site-packages\django\db\models\query.py", line 54, in __iter__
    results = compiler.execute_sql(chunked_fetch=self.chunked_fetch, chunk_size=self.chunk_size)
  File "D:\Programs\Python\Python37\lib\site-packages\django\db\models\sql\compiler.py", line 1063, in execute_sql
    cursor.execute(sql, params)
  File "D:\Programs\Python\Python37\lib\site-packages\django\db\backends\utils.py", line 100, in execute
    return super().execute(sql, params)
  File "D:\Programs\Python\Python37\lib\site-packages\django\db\backends\utils.py", line 68, in execute
    return self._execute_with_wrappers(sql, params, many=False, executor=self._execute)
  File "D:\Programs\Python\Python37\lib\site-packages\django\db\backends\utils.py", line 77, in _execute_with_wrappers
    return executor(sql, params, many, context)
  File "D:\Programs\Python\Python37\lib\site-packages\django\db\backends\utils.py", line 85, in _execute
    return self.cursor.execute(sql, params)
  File "D:\Programs\Python\Python37\lib\site-packages\django\db\utils.py", line 89, in __exit__
    raise dj_exc_value.with_traceback(traceback) from exc_value
  File "D:\Programs\Python\Python37\lib\site-packages\django\db\backends\utils.py", line 85, in _execute
    return self.cursor.execute(sql, params)
  File "D:\Programs\Python\Python37\lib\site-packages\django\db\backends\mysql\base.py", line 71, in execute
    return self.cursor.execute(query, args)
  File "D:\Programs\Python\Python37\lib\site-packages\pymysql\cursors.py", line 170, in execute
    result = self._query(query)
  File "D:\Programs\Python\Python37\lib\site-packages\pymysql\cursors.py", line 328, in _query
    conn.query(q)
  File "D:\Programs\Python\Python37\lib\site-packages\pymysql\connections.py", line 517, in query
    self._affected_rows = self._read_query_result(unbuffered=unbuffered)
  File "D:\Programs\Python\Python37\lib\site-packages\pymysql\connections.py", line 732, in _read_query_result
    result.read()
  File "D:\Programs\Python\Python37\lib\site-packages\pymysql\connections.py", line 1075, in read
    first_packet = self.connection._read_packet()
  File "D:\Programs\Python\Python37\lib\site-packages\pymysql\connections.py", line 684, in _read_packet
    packet.check_error()
  File "D:\Programs\Python\Python37\lib\site-packages\pymysql\protocol.py", line 220, in check_error
    err.raise_mysql_exception(self._data)
  File "D:\Programs\Python\Python37\lib\site-packages\pymysql\err.py", line 109, in raise_mysql_exception
    raise errorclass(errno, errval)
django.db.utils.ProgrammingError: (1146, "Table 'kqqa.project' doesn't exist")
INFO:root: Shutting down thread pool (2020-02-17 17:48:33; threadpool.py:111)
INFO:apscheduler.threadpool: Started thread pool with 0 core threads and 20 maximum threads (2020-02-17 17:48:37; threadpool.py:52)
INFO:apscheduler.scheduler: Adding job tentatively -- it will be properly scheduled when the scheduler starts (2020-02-17 17:48:37; scheduler.py:287)
INFO:apscheduler.scheduler: Added job "mytask (trigger: interval[0:10:00], next run at: 2020-02-17 17:58:37.919500)" to job store "default" (2020-02-17 17:48:37; scheduler.py:262)
INFO:apscheduler.scheduler: Scheduler started (2020-02-17 17:48:37; scheduler.py:574)
DEBUG:apscheduler.scheduler: Looking for jobs to run (2020-02-17 17:48:37; scheduler.py:579)
DEBUG:apscheduler.scheduler: Next wakeup is due at 2020-02-17 17:58:37.919500 (in 599.979000 seconds) (2020-02-17 17:48:37; scheduler.py:588)
INFO:root: Shutting down thread pool (2020-02-17 17:48:38; threadpool.py:111)
INFO:apscheduler.threadpool: Started thread pool with 0 core threads and 20 maximum threads (2020-02-17 17:49:06; threadpool.py:52)
INFO:apscheduler.scheduler: Adding job tentatively -- it will be properly scheduled when the scheduler starts (2020-02-17 17:49:06; scheduler.py:287)
INFO:apscheduler.scheduler: Added job "mytask (trigger: interval[0:10:00], next run at: 2020-02-17 17:59:06.991500)" to job store "default" (2020-02-17 17:49:06; scheduler.py:262)
INFO:apscheduler.scheduler: Scheduler started (2020-02-17 17:49:06; scheduler.py:574)
DEBUG:apscheduler.scheduler: Looking for jobs to run (2020-02-17 17:49:07; scheduler.py:579)
DEBUG:apscheduler.scheduler: Next wakeup is due at 2020-02-17 17:59:06.991500 (in 599.970000 seconds) (2020-02-17 17:49:07; scheduler.py:588)
INFO:root: Shutting down thread pool (2020-02-17 17:49:15; threadpool.py:111)
INFO:apscheduler.threadpool: Started thread pool with 0 core threads and 20 maximum threads (2020-02-17 17:50:53; threadpool.py:52)
INFO:apscheduler.scheduler: Adding job tentatively -- it will be properly scheduled when the scheduler starts (2020-02-17 17:50:53; scheduler.py:287)
INFO:apscheduler.scheduler: Added job "mytask (trigger: interval[0:10:00], next run at: 2020-02-17 18:00:53.768500)" to job store "default" (2020-02-17 17:50:53; scheduler.py:262)
INFO:apscheduler.scheduler: Scheduler started (2020-02-17 17:50:53; scheduler.py:574)
DEBUG:apscheduler.scheduler: Looking for jobs to run (2020-02-17 17:50:53; scheduler.py:579)
DEBUG:apscheduler.scheduler: Next wakeup is due at 2020-02-17 18:00:53.768500 (in 599.982000 seconds) (2020-02-17 17:50:53; scheduler.py:588)
INFO:root: Shutting down thread pool (2020-02-17 17:50:53; threadpool.py:111)
INFO:apscheduler.threadpool: Started thread pool with 0 core threads and 20 maximum threads (2020-02-17 17:51:00; threadpool.py:52)
INFO:apscheduler.scheduler: Adding job tentatively -- it will be properly scheduled when the scheduler starts (2020-02-17 17:51:00; scheduler.py:287)
INFO:apscheduler.scheduler: Added job "mytask (trigger: interval[0:10:00], next run at: 2020-02-17 18:01:00.448500)" to job store "default" (2020-02-17 17:51:00; scheduler.py:262)
INFO:apscheduler.scheduler: Scheduler started (2020-02-17 17:51:00; scheduler.py:574)
DEBUG:apscheduler.scheduler: Looking for jobs to run (2020-02-17 17:51:00; scheduler.py:579)
DEBUG:apscheduler.scheduler: Next wakeup is due at 2020-02-17 18:01:00.448500 (in 599.980000 seconds) (2020-02-17 17:51:00; scheduler.py:588)
INFO:root: Shutting down thread pool (2020-02-17 17:51:17; threadpool.py:111)
INFO:apscheduler.threadpool: Started thread pool with 0 core threads and 20 maximum threads (2020-02-17 17:51:40; threadpool.py:52)
INFO:apscheduler.scheduler: Adding job tentatively -- it will be properly scheduled when the scheduler starts (2020-02-17 17:51:40; scheduler.py:287)
INFO:apscheduler.scheduler: Added job "mytask (trigger: interval[0:10:00], next run at: 2020-02-17 18:01:40.421500)" to job store "default" (2020-02-17 17:51:40; scheduler.py:262)
INFO:apscheduler.scheduler: Scheduler started (2020-02-17 17:51:40; scheduler.py:574)
DEBUG:apscheduler.scheduler: Looking for jobs to run (2020-02-17 17:51:40; scheduler.py:579)
DEBUG:apscheduler.scheduler: Next wakeup is due at 2020-02-17 18:01:40.421500 (in 599.986000 seconds) (2020-02-17 17:51:40; scheduler.py:588)
INFO:root: Shutting down thread pool (2020-02-17 17:53:51; threadpool.py:111)
INFO:apscheduler.threadpool: Started thread pool with 0 core threads and 20 maximum threads (2020-02-17 17:53:53; threadpool.py:52)
INFO:apscheduler.scheduler: Adding job tentatively -- it will be properly scheduled when the scheduler starts (2020-02-17 17:53:53; scheduler.py:287)
INFO:apscheduler.scheduler: Added job "mytask (trigger: interval[0:10:00], next run at: 2020-02-17 18:03:53.328500)" to job store "default" (2020-02-17 17:53:53; scheduler.py:262)
INFO:apscheduler.scheduler: Scheduler started (2020-02-17 17:53:53; scheduler.py:574)
DEBUG:apscheduler.scheduler: Looking for jobs to run (2020-02-17 17:53:53; scheduler.py:579)
DEBUG:apscheduler.scheduler: Next wakeup is due at 2020-02-17 18:03:53.328500 (in 599.970000 seconds) (2020-02-17 17:53:53; scheduler.py:588)
INFO:root: Shutting down thread pool (2020-02-17 17:54:30; threadpool.py:111)
INFO:apscheduler.threadpool: Started thread pool with 0 core threads and 20 maximum threads (2020-02-17 17:54:32; threadpool.py:52)
INFO:apscheduler.scheduler: Adding job tentatively -- it will be properly scheduled when the scheduler starts (2020-02-17 17:54:32; scheduler.py:287)
INFO:apscheduler.scheduler: Added job "mytask (trigger: interval[0:10:00], next run at: 2020-02-17 18:04:32.148500)" to job store "default" (2020-02-17 17:54:32; scheduler.py:262)
INFO:apscheduler.scheduler: Scheduler started (2020-02-17 17:54:32; scheduler.py:574)
DEBUG:apscheduler.scheduler: Looking for jobs to run (2020-02-17 17:54:32; scheduler.py:579)
DEBUG:apscheduler.scheduler: Next wakeup is due at 2020-02-17 18:04:32.148500 (in 599.962000 seconds) (2020-02-17 17:54:32; scheduler.py:588)
INFO:root: Shutting down thread pool (2020-02-17 17:55:10; threadpool.py:111)
INFO:apscheduler.threadpool: Started thread pool with 0 core threads and 20 maximum threads (2020-02-17 17:55:11; threadpool.py:52)
INFO:apscheduler.scheduler: Adding job tentatively -- it will be properly scheduled when the scheduler starts (2020-02-17 17:55:11; scheduler.py:287)
INFO:apscheduler.scheduler: Added job "mytask (trigger: interval[0:10:00], next run at: 2020-02-17 18:05:11.573500)" to job store "default" (2020-02-17 17:55:11; scheduler.py:262)
INFO:apscheduler.scheduler: Scheduler started (2020-02-17 17:55:11; scheduler.py:574)
DEBUG:apscheduler.scheduler: Looking for jobs to run (2020-02-17 17:55:11; scheduler.py:579)
DEBUG:apscheduler.scheduler: Next wakeup is due at 2020-02-17 18:05:11.573500 (in 599.978000 seconds) (2020-02-17 17:55:11; scheduler.py:588)
INFO:root: Shutting down thread pool (2020-02-17 17:56:47; threadpool.py:111)
INFO:apscheduler.threadpool: Started thread pool with 0 core threads and 20 maximum threads (2020-02-17 17:56:49; threadpool.py:52)
INFO:apscheduler.scheduler: Adding job tentatively -- it will be properly scheduled when the scheduler starts (2020-02-17 17:56:49; scheduler.py:287)
INFO:apscheduler.scheduler: Added job "mytask (trigger: interval[0:10:00], next run at: 2020-02-17 18:06:49.338500)" to job store "default" (2020-02-17 17:56:49; scheduler.py:262)
INFO:apscheduler.scheduler: Scheduler started (2020-02-17 17:56:49; scheduler.py:574)
DEBUG:apscheduler.scheduler: Looking for jobs to run (2020-02-17 17:56:49; scheduler.py:579)
DEBUG:apscheduler.scheduler: Next wakeup is due at 2020-02-17 18:06:49.338500 (in 599.985000 seconds) (2020-02-17 17:56:49; scheduler.py:588)
INFO:root: Shutting down thread pool (2020-02-17 17:57:02; threadpool.py:111)
INFO:apscheduler.threadpool: Started thread pool with 0 core threads and 20 maximum threads (2020-02-17 17:57:03; threadpool.py:52)
INFO:apscheduler.scheduler: Adding job tentatively -- it will be properly scheduled when the scheduler starts (2020-02-17 17:57:03; scheduler.py:287)
INFO:apscheduler.scheduler: Added job "mytask (trigger: interval[0:10:00], next run at: 2020-02-17 18:07:03.584500)" to job store "default" (2020-02-17 17:57:03; scheduler.py:262)
INFO:apscheduler.scheduler: Scheduler started (2020-02-17 17:57:03; scheduler.py:574)
DEBUG:apscheduler.scheduler: Looking for jobs to run (2020-02-17 17:57:03; scheduler.py:579)
DEBUG:apscheduler.scheduler: Next wakeup is due at 2020-02-17 18:07:03.584500 (in 599.974000 seconds) (2020-02-17 17:57:03; scheduler.py:588)
INFO:root: Shutting down thread pool (2020-02-17 17:57:54; threadpool.py:111)
INFO:apscheduler.threadpool: Started thread pool with 0 core threads and 20 maximum threads (2020-02-17 17:57:55; threadpool.py:52)
INFO:apscheduler.scheduler: Adding job tentatively -- it will be properly scheduled when the scheduler starts (2020-02-17 17:57:55; scheduler.py:287)
INFO:apscheduler.scheduler: Added job "mytask (trigger: interval[0:10:00], next run at: 2020-02-17 18:07:55.810500)" to job store "default" (2020-02-17 17:57:55; scheduler.py:262)
INFO:apscheduler.scheduler: Scheduler started (2020-02-17 17:57:55; scheduler.py:574)
DEBUG:apscheduler.scheduler: Looking for jobs to run (2020-02-17 17:57:55; scheduler.py:579)
DEBUG:apscheduler.scheduler: Next wakeup is due at 2020-02-17 18:07:55.810500 (in 599.971000 seconds) (2020-02-17 17:57:55; scheduler.py:588)
INFO:root: Shutting down thread pool (2020-02-17 17:58:54; threadpool.py:111)
INFO:apscheduler.threadpool: Started thread pool with 0 core threads and 20 maximum threads (2020-02-17 17:58:56; threadpool.py:52)
INFO:apscheduler.scheduler: Adding job tentatively -- it will be properly scheduled when the scheduler starts (2020-02-17 17:58:56; scheduler.py:287)
INFO:apscheduler.scheduler: Added job "mytask (trigger: interval[0:10:00], next run at: 2020-02-17 18:08:56.174500)" to job store "default" (2020-02-17 17:58:56; scheduler.py:262)
INFO:apscheduler.scheduler: Scheduler started (2020-02-17 17:58:56; scheduler.py:574)
DEBUG:apscheduler.scheduler: Looking for jobs to run (2020-02-17 17:58:56; scheduler.py:579)
DEBUG:apscheduler.scheduler: Next wakeup is due at 2020-02-17 18:08:56.174500 (in 599.974000 seconds) (2020-02-17 17:58:56; scheduler.py:588)
ERROR:django.request: Internal Server Error: /suite_list (2020-02-17 18:03:16; exception.py:118)
Traceback (most recent call last):
  File "D:\Programs\Python\Python37\lib\site-packages\django\core\handlers\exception.py", line 35, in inner
    response = get_response(request)
  File "D:\Programs\Python\Python37\lib\site-packages\django\utils\deprecation.py", line 93, in __call__
    response = self.process_request(request)
  File "D:\Programs\Python\Python37\lib\site-packages\django\middleware\common.py", line 61, in process_request
    path = self.get_full_path_with_slash(request)
  File "D:\Programs\Python\Python37\lib\site-packages\django\middleware\common.py", line 99, in get_full_path_with_slash
    'url': request.get_host() + new_path,
RuntimeError: You called this URL via POST, but the URL doesn't end in a slash and you have APPEND_SLASH set. Django can't redirect to the slash URL while maintaining POST data. Change your form to point to 127.0.0.1:8000/suite_list/ (note the trailing slash), or set APPEND_SLASH=False in your Django settings.
ERROR:django.request: Internal Server Error: /SearchForSuite (2020-02-17 18:03:31; exception.py:118)
Traceback (most recent call last):
  File "D:\Programs\Python\Python37\lib\site-packages\django\core\handlers\exception.py", line 35, in inner
    response = get_response(request)
  File "D:\Programs\Python\Python37\lib\site-packages\django\utils\deprecation.py", line 93, in __call__
    response = self.process_request(request)
  File "D:\Programs\Python\Python37\lib\site-packages\django\middleware\common.py", line 61, in process_request
    path = self.get_full_path_with_slash(request)
  File "D:\Programs\Python\Python37\lib\site-packages\django\middleware\common.py", line 99, in get_full_path_with_slash
    'url': request.get_host() + new_path,
RuntimeError: You called this URL via POST, but the URL doesn't end in a slash and you have APPEND_SLASH set. Django can't redirect to the slash URL while maintaining POST data. Change your form to point to 127.0.0.1:8000/SearchForSuite/ (note the trailing slash), or set APPEND_SLASH=False in your Django settings.
INFO:root: Shutting down thread pool (2020-02-17 18:04:06; threadpool.py:111)
INFO:apscheduler.threadpool: Started thread pool with 0 core threads and 20 maximum threads (2020-02-17 18:04:08; threadpool.py:52)
INFO:apscheduler.scheduler: Adding job tentatively -- it will be properly scheduled when the scheduler starts (2020-02-17 18:04:08; scheduler.py:287)
INFO:apscheduler.scheduler: Added job "mytask (trigger: interval[0:10:00], next run at: 2020-02-17 18:14:08.293500)" to job store "default" (2020-02-17 18:04:08; scheduler.py:262)
INFO:apscheduler.scheduler: Scheduler started (2020-02-17 18:04:08; scheduler.py:574)
DEBUG:apscheduler.scheduler: Looking for jobs to run (2020-02-17 18:04:08; scheduler.py:579)
DEBUG:apscheduler.scheduler: Next wakeup is due at 2020-02-17 18:14:08.293500 (in 599.981000 seconds) (2020-02-17 18:04:08; scheduler.py:588)
INFO:root: Shutting down thread pool (2020-02-17 18:07:18; threadpool.py:111)
INFO:apscheduler.threadpool: Started thread pool with 0 core threads and 20 maximum threads (2020-02-17 18:07:19; threadpool.py:52)
INFO:apscheduler.scheduler: Adding job tentatively -- it will be properly scheduled when the scheduler starts (2020-02-17 18:07:19; scheduler.py:287)
INFO:apscheduler.scheduler: Added job "mytask (trigger: interval[0:10:00], next run at: 2020-02-17 18:17:19.968500)" to job store "default" (2020-02-17 18:07:19; scheduler.py:262)
INFO:apscheduler.scheduler: Scheduler started (2020-02-17 18:07:19; scheduler.py:574)
DEBUG:apscheduler.scheduler: Looking for jobs to run (2020-02-17 18:07:19; scheduler.py:579)
DEBUG:apscheduler.scheduler: Next wakeup is due at 2020-02-17 18:17:19.968500 (in 599.987000 seconds) (2020-02-17 18:07:19; scheduler.py:588)
INFO:root: Shutting down thread pool (2020-02-17 18:08:47; threadpool.py:111)
INFO:apscheduler.threadpool: Started thread pool with 0 core threads and 20 maximum threads (2020-02-17 18:08:48; threadpool.py:52)
INFO:apscheduler.scheduler: Adding job tentatively -- it will be properly scheduled when the scheduler starts (2020-02-17 18:08:48; scheduler.py:287)
INFO:apscheduler.scheduler: Added job "mytask (trigger: interval[0:10:00], next run at: 2020-02-17 18:18:48.839500)" to job store "default" (2020-02-17 18:08:48; scheduler.py:262)
INFO:apscheduler.scheduler: Scheduler started (2020-02-17 18:08:48; scheduler.py:574)
DEBUG:apscheduler.scheduler: Looking for jobs to run (2020-02-17 18:08:48; scheduler.py:579)
DEBUG:apscheduler.scheduler: Next wakeup is due at 2020-02-17 18:18:48.839500 (in 599.988000 seconds) (2020-02-17 18:08:48; scheduler.py:588)
ERROR:django.request: Internal Server Error: /SearchForSuite/ (2020-02-17 18:08:58; exception.py:118)
Traceback (most recent call last):
  File "D:\Programs\Python\Python37\lib\site-packages\django\db\models\sql\query.py", line 1682, in add_fields
    join_info = self.setup_joins(name.split(LOOKUP_SEP), opts, alias, allow_many=allow_m2m)
  File "D:\Programs\Python\Python37\lib\site-packages\django\db\models\sql\query.py", line 1447, in setup_joins
    names, opts, allow_many, fail_on_missing=True)
  File "D:\Programs\Python\Python37\lib\site-packages\django\db\models\sql\query.py", line 1378, in names_to_path
    "Choices are: %s" % (name, ", ".join(available)))
django.core.exceptions.FieldError: Cannot resolve keyword 'project_name' into field. Choices are: cronjob, description, effective_flag, id, project, project_id, suite_name, time_created, time_updated

During handling of the above exception, another exception occurred:

Traceback (most recent call last):
  File "D:\Programs\Python\Python37\lib\site-packages\django\core\handlers\exception.py", line 35, in inner
    response = get_response(request)
  File "D:\Programs\Python\Python37\lib\site-packages\django\core\handlers\base.py", line 128, in _get_response
    response = self.process_exception_by_middleware(e, request)
  File "D:\Programs\Python\Python37\lib\site-packages\django\core\handlers\base.py", line 126, in _get_response
    response = wrapped_callback(request, *callback_args, **callback_kwargs)
  File "E:\project\version1.0\ÐÂ½¨ÎÄ¼þ¼Ð\QTqa\autotest\views_suite.py", line 139, in SearchForSuite
    'description','time_created'))
  File "D:\Programs\Python\Python37\lib\site-packages\django\db\models\query.py", line 742, in values
    clone = self._values(*fields, **expressions)
  File "D:\Programs\Python\Python37\lib\site-packages\django\db\models\query.py", line 737, in _values
    clone.query.set_values(fields)
  File "D:\Programs\Python\Python37\lib\site-packages\django\db\models\sql\query.py", line 1934, in set_values
    self.add_fields(field_names, True)
  File "D:\Programs\Python\Python37\lib\site-packages\django\db\models\sql\query.py", line 1705, in add_fields
    "Choices are: %s" % (name, ", ".join(names)))
django.core.exceptions.FieldError: Cannot resolve keyword 'project_name' into field. Choices are: cronjob, description, effective_flag, id, project, project_id, suite_name, time_created, time_updated
ERROR:django.request: Internal Server Error: /SearchForSuite/ (2020-02-17 18:08:59; exception.py:118)
Traceback (most recent call last):
  File "D:\Programs\Python\Python37\lib\site-packages\django\db\models\sql\query.py", line 1682, in add_fields
    join_info = self.setup_joins(name.split(LOOKUP_SEP), opts, alias, allow_many=allow_m2m)
  File "D:\Programs\Python\Python37\lib\site-packages\django\db\models\sql\query.py", line 1447, in setup_joins
    names, opts, allow_many, fail_on_missing=True)
  File "D:\Programs\Python\Python37\lib\site-packages\django\db\models\sql\query.py", line 1378, in names_to_path
    "Choices are: %s" % (name, ", ".join(available)))
django.core.exceptions.FieldError: Cannot resolve keyword 'project_name' into field. Choices are: cronjob, description, effective_flag, id, project, project_id, suite_name, time_created, time_updated

During handling of the above exception, another exception occurred:

Traceback (most recent call last):
  File "D:\Programs\Python\Python37\lib\site-packages\django\core\handlers\exception.py", line 35, in inner
    response = get_response(request)
  File "D:\Programs\Python\Python37\lib\site-packages\django\core\handlers\base.py", line 128, in _get_response
    response = self.process_exception_by_middleware(e, request)
  File "D:\Programs\Python\Python37\lib\site-packages\django\core\handlers\base.py", line 126, in _get_response
    response = wrapped_callback(request, *callback_args, **callback_kwargs)
  File "E:\project\version1.0\ÐÂ½¨ÎÄ¼þ¼Ð\QTqa\autotest\views_suite.py", line 139, in SearchForSuite
    'description','time_created'))
  File "D:\Programs\Python\Python37\lib\site-packages\django\db\models\query.py", line 742, in values
    clone = self._values(*fields, **expressions)
  File "D:\Programs\Python\Python37\lib\site-packages\django\db\models\query.py", line 737, in _values
    clone.query.set_values(fields)
  File "D:\Programs\Python\Python37\lib\site-packages\django\db\models\sql\query.py", line 1934, in set_values
    self.add_fields(field_names, True)
  File "D:\Programs\Python\Python37\lib\site-packages\django\db\models\sql\query.py", line 1705, in add_fields
    "Choices are: %s" % (name, ", ".join(names)))
django.core.exceptions.FieldError: Cannot resolve keyword 'project_name' into field. Choices are: cronjob, description, effective_flag, id, project, project_id, suite_name, time_created, time_updated
INFO:root: Shutting down thread pool (2020-02-17 18:09:26; threadpool.py:111)
INFO:apscheduler.threadpool: Started thread pool with 0 core threads and 20 maximum threads (2020-02-17 18:09:27; threadpool.py:52)
INFO:apscheduler.scheduler: Adding job tentatively -- it will be properly scheduled when the scheduler starts (2020-02-17 18:09:27; scheduler.py:287)
INFO:apscheduler.scheduler: Added job "mytask (trigger: interval[0:10:00], next run at: 2020-02-17 18:19:27.571500)" to job store "default" (2020-02-17 18:09:27; scheduler.py:262)
INFO:apscheduler.scheduler: Scheduler started (2020-02-17 18:09:27; scheduler.py:574)
DEBUG:apscheduler.scheduler: Looking for jobs to run (2020-02-17 18:09:27; scheduler.py:579)
DEBUG:apscheduler.scheduler: Next wakeup is due at 2020-02-17 18:19:27.571500 (in 599.979000 seconds) (2020-02-17 18:09:27; scheduler.py:588)
INFO:root: Shutting down thread pool (2020-02-17 18:10:05; threadpool.py:111)
INFO:apscheduler.threadpool: Started thread pool with 0 core threads and 20 maximum threads (2020-02-17 18:10:07; threadpool.py:52)
INFO:apscheduler.scheduler: Adding job tentatively -- it will be properly scheduled when the scheduler starts (2020-02-17 18:10:07; scheduler.py:287)
INFO:apscheduler.scheduler: Added job "mytask (trigger: interval[0:10:00], next run at: 2020-02-17 18:20:07.251500)" to job store "default" (2020-02-17 18:10:07; scheduler.py:262)
INFO:apscheduler.scheduler: Scheduler started (2020-02-17 18:10:07; scheduler.py:574)
DEBUG:apscheduler.scheduler: Looking for jobs to run (2020-02-17 18:10:07; scheduler.py:579)
DEBUG:apscheduler.scheduler: Next wakeup is due at 2020-02-17 18:20:07.251500 (in 599.956000 seconds) (2020-02-17 18:10:07; scheduler.py:588)
INFO:root: Shutting down thread pool (2020-02-17 18:10:29; threadpool.py:111)
INFO:apscheduler.threadpool: Started thread pool with 0 core threads and 20 maximum threads (2020-02-17 18:10:31; threadpool.py:52)
INFO:apscheduler.scheduler: Adding job tentatively -- it will be properly scheduled when the scheduler starts (2020-02-17 18:10:31; scheduler.py:287)
INFO:apscheduler.scheduler: Added job "mytask (trigger: interval[0:10:00], next run at: 2020-02-17 18:20:31.098500)" to job store "default" (2020-02-17 18:10:31; scheduler.py:262)
INFO:apscheduler.scheduler: Scheduler started (2020-02-17 18:10:31; scheduler.py:574)
DEBUG:apscheduler.scheduler: Looking for jobs to run (2020-02-17 18:10:31; scheduler.py:579)
DEBUG:apscheduler.scheduler: Next wakeup is due at 2020-02-17 18:20:31.098500 (in 599.987000 seconds) (2020-02-17 18:10:31; scheduler.py:588)
INFO:root: Shutting down thread pool (2020-02-17 18:10:38; threadpool.py:111)
INFO:apscheduler.threadpool: Started thread pool with 0 core threads and 20 maximum threads (2020-02-17 18:10:39; threadpool.py:52)
INFO:apscheduler.scheduler: Adding job tentatively -- it will be properly scheduled when the scheduler starts (2020-02-17 18:10:39; scheduler.py:287)
INFO:apscheduler.scheduler: Added job "mytask (trigger: interval[0:10:00], next run at: 2020-02-17 18:20:39.618500)" to job store "default" (2020-02-17 18:10:39; scheduler.py:262)
INFO:apscheduler.scheduler: Scheduler started (2020-02-17 18:10:39; scheduler.py:574)
DEBUG:apscheduler.scheduler: Looking for jobs to run (2020-02-17 18:10:39; scheduler.py:579)
DEBUG:apscheduler.scheduler: Next wakeup is due at 2020-02-17 18:20:39.618500 (in 599.985000 seconds) (2020-02-17 18:10:39; scheduler.py:588)
INFO:root: Shutting down thread pool (2020-02-17 18:11:20; threadpool.py:111)
INFO:apscheduler.threadpool: Started thread pool with 0 core threads and 20 maximum threads (2020-02-17 18:11:22; threadpool.py:52)
INFO:apscheduler.scheduler: Adding job tentatively -- it will be properly scheduled when the scheduler starts (2020-02-17 18:11:22; scheduler.py:287)
INFO:apscheduler.scheduler: Added job "mytask (trigger: interval[0:10:00], next run at: 2020-02-17 18:21:22.035500)" to job store "default" (2020-02-17 18:11:22; scheduler.py:262)
INFO:apscheduler.scheduler: Scheduler started (2020-02-17 18:11:22; scheduler.py:574)
DEBUG:apscheduler.scheduler: Looking for jobs to run (2020-02-17 18:11:22; scheduler.py:579)
DEBUG:apscheduler.scheduler: Next wakeup is due at 2020-02-17 18:21:22.035500 (in 599.988000 seconds) (2020-02-17 18:11:22; scheduler.py:588)
INFO:root: Shutting down thread pool (2020-02-17 18:11:40; threadpool.py:111)
INFO:apscheduler.threadpool: Started thread pool with 0 core threads and 20 maximum threads (2020-02-17 18:11:41; threadpool.py:52)
INFO:apscheduler.scheduler: Adding job tentatively -- it will be properly scheduled when the scheduler starts (2020-02-17 18:11:41; scheduler.py:287)
INFO:apscheduler.scheduler: Added job "mytask (trigger: interval[0:10:00], next run at: 2020-02-17 18:21:41.741500)" to job store "default" (2020-02-17 18:11:41; scheduler.py:262)
INFO:apscheduler.scheduler: Scheduler started (2020-02-17 18:11:41; scheduler.py:574)
DEBUG:apscheduler.scheduler: Looking for jobs to run (2020-02-17 18:11:41; scheduler.py:579)
DEBUG:apscheduler.scheduler: Next wakeup is due at 2020-02-17 18:21:41.741500 (in 599.968000 seconds) (2020-02-17 18:11:41; scheduler.py:588)
ERROR:django.request: Internal Server Error: /SearchForSuite/ (2020-02-17 18:11:42; exception.py:118)
Traceback (most recent call last):
  File "D:\Programs\Python\Python37\lib\site-packages\django\db\models\sql\query.py", line 1682, in add_fields
    join_info = self.setup_joins(name.split(LOOKUP_SEP), opts, alias, allow_many=allow_m2m)
  File "D:\Programs\Python\Python37\lib\site-packages\django\db\models\sql\query.py", line 1447, in setup_joins
    names, opts, allow_many, fail_on_missing=True)
  File "D:\Programs\Python\Python37\lib\site-packages\django\db\models\sql\query.py", line 1378, in names_to_path
    "Choices are: %s" % (name, ", ".join(available)))
django.core.exceptions.FieldError: Cannot resolve keyword 'project_name' into field. Choices are: cronjob, description, effective_flag, id, project, project_id, suite_name, time_created, time_updated

During handling of the above exception, another exception occurred:

Traceback (most recent call last):
  File "D:\Programs\Python\Python37\lib\site-packages\django\core\handlers\exception.py", line 35, in inner
    response = get_response(request)
  File "D:\Programs\Python\Python37\lib\site-packages\django\core\handlers\base.py", line 128, in _get_response
    response = self.process_exception_by_middleware(e, request)
  File "D:\Programs\Python\Python37\lib\site-packages\django\core\handlers\base.py", line 126, in _get_response
    response = wrapped_callback(request, *callback_args, **callback_kwargs)
  File "E:\project\version1.0\ÐÂ½¨ÎÄ¼þ¼Ð\QTqa\autotest\views_suite.py", line 139, in SearchForSuite
    'description','time_created'))
  File "D:\Programs\Python\Python37\lib\site-packages\django\db\models\query.py", line 742, in values
    clone = self._values(*fields, **expressions)
  File "D:\Programs\Python\Python37\lib\site-packages\django\db\models\query.py", line 737, in _values
    clone.query.set_values(fields)
  File "D:\Programs\Python\Python37\lib\site-packages\django\db\models\sql\query.py", line 1934, in set_values
    self.add_fields(field_names, True)
  File "D:\Programs\Python\Python37\lib\site-packages\django\db\models\sql\query.py", line 1705, in add_fields
    "Choices are: %s" % (name, ", ".join(names)))
django.core.exceptions.FieldError: Cannot resolve keyword 'project_name' into field. Choices are: cronjob, description, effective_flag, id, project, project_id, suite_name, time_created, time_updated
INFO:root: Shutting down thread pool (2020-02-17 18:12:59; threadpool.py:111)
INFO:apscheduler.threadpool: Started thread pool with 0 core threads and 20 maximum threads (2020-02-17 18:13:00; threadpool.py:52)
INFO:apscheduler.scheduler: Adding job tentatively -- it will be properly scheduled when the scheduler starts (2020-02-17 18:13:00; scheduler.py:287)
INFO:apscheduler.scheduler: Added job "mytask (trigger: interval[0:10:00], next run at: 2020-02-17 18:23:00.643500)" to job store "default" (2020-02-17 18:13:00; scheduler.py:262)
INFO:apscheduler.scheduler: Scheduler started (2020-02-17 18:13:00; scheduler.py:574)
DEBUG:apscheduler.scheduler: Looking for jobs to run (2020-02-17 18:13:00; scheduler.py:579)
DEBUG:apscheduler.scheduler: Next wakeup is due at 2020-02-17 18:23:00.643500 (in 599.988000 seconds) (2020-02-17 18:13:00; scheduler.py:588)
INFO:root: Shutting down thread pool (2020-02-17 18:14:08; threadpool.py:111)
INFO:apscheduler.threadpool: Started thread pool with 0 core threads and 20 maximum threads (2020-02-17 18:14:10; threadpool.py:52)
INFO:apscheduler.scheduler: Adding job tentatively -- it will be properly scheduled when the scheduler starts (2020-02-17 18:14:10; scheduler.py:287)
INFO:apscheduler.scheduler: Added job "mytask (trigger: interval[0:10:00], next run at: 2020-02-17 18:24:10.293500)" to job store "default" (2020-02-17 18:14:10; scheduler.py:262)
INFO:apscheduler.scheduler: Scheduler started (2020-02-17 18:14:10; scheduler.py:574)
DEBUG:apscheduler.scheduler: Looking for jobs to run (2020-02-17 18:14:10; scheduler.py:579)
DEBUG:apscheduler.scheduler: Next wakeup is due at 2020-02-17 18:24:10.293500 (in 599.982000 seconds) (2020-02-17 18:14:10; scheduler.py:588)
INFO:root: Shutting down thread pool (2020-02-17 18:16:27; threadpool.py:111)
INFO:apscheduler.threadpool: Started thread pool with 0 core threads and 20 maximum threads (2020-02-17 18:16:29; threadpool.py:52)
INFO:apscheduler.scheduler: Adding job tentatively -- it will be properly scheduled when the scheduler starts (2020-02-17 18:16:29; scheduler.py:287)
INFO:apscheduler.scheduler: Added job "mytask (trigger: interval[0:10:00], next run at: 2020-02-17 18:26:29.620500)" to job store "default" (2020-02-17 18:16:29; scheduler.py:262)
INFO:apscheduler.scheduler: Scheduler started (2020-02-17 18:16:29; scheduler.py:574)
DEBUG:apscheduler.scheduler: Looking for jobs to run (2020-02-17 18:16:29; scheduler.py:579)
DEBUG:apscheduler.scheduler: Next wakeup is due at 2020-02-17 18:26:29.620500 (in 599.977000 seconds) (2020-02-17 18:16:29; scheduler.py:588)
INFO:root: Shutting down thread pool (2020-02-17 18:16:50; threadpool.py:111)
INFO:apscheduler.threadpool: Started thread pool with 0 core threads and 20 maximum threads (2020-02-17 18:16:52; threadpool.py:52)
INFO:apscheduler.scheduler: Adding job tentatively -- it will be properly scheduled when the scheduler starts (2020-02-17 18:16:52; scheduler.py:287)
INFO:apscheduler.scheduler: Added job "mytask (trigger: interval[0:10:00], next run at: 2020-02-17 18:26:52.189500)" to job store "default" (2020-02-17 18:16:52; scheduler.py:262)
INFO:apscheduler.scheduler: Scheduler started (2020-02-17 18:16:52; scheduler.py:574)
DEBUG:apscheduler.scheduler: Looking for jobs to run (2020-02-17 18:16:52; scheduler.py:579)
DEBUG:apscheduler.scheduler: Next wakeup is due at 2020-02-17 18:26:52.189500 (in 599.987000 seconds) (2020-02-17 18:16:52; scheduler.py:588)
INFO:root: Shutting down thread pool (2020-02-17 18:17:32; threadpool.py:111)
INFO:apscheduler.threadpool: Started thread pool with 0 core threads and 20 maximum threads (2020-02-17 18:17:33; threadpool.py:52)
INFO:apscheduler.scheduler: Adding job tentatively -- it will be properly scheduled when the scheduler starts (2020-02-17 18:17:33; scheduler.py:287)
INFO:apscheduler.scheduler: Added job "mytask (trigger: interval[0:10:00], next run at: 2020-02-17 18:27:33.942500)" to job store "default" (2020-02-17 18:17:33; scheduler.py:262)
INFO:apscheduler.scheduler: Scheduler started (2020-02-17 18:17:33; scheduler.py:574)
DEBUG:apscheduler.scheduler: Looking for jobs to run (2020-02-17 18:17:33; scheduler.py:579)
DEBUG:apscheduler.scheduler: Next wakeup is due at 2020-02-17 18:27:33.942500 (in 599.987000 seconds) (2020-02-17 18:17:33; scheduler.py:588)
INFO:apscheduler.threadpool: Started thread pool with 0 core threads and 20 maximum threads (2020-02-17 18:17:33; threadpool.py:52)
INFO:apscheduler.scheduler: Adding job tentatively -- it will be properly scheduled when the scheduler starts (2020-02-17 18:17:33; scheduler.py:287)
INFO:apscheduler.scheduler: Added job "mytask (trigger: interval[0:10:00], next run at: 2020-02-17 18:27:33.971500)" to job store "default" (2020-02-17 18:17:33; scheduler.py:262)
INFO:apscheduler.scheduler: Scheduler started (2020-02-17 18:17:33; scheduler.py:574)
DEBUG:apscheduler.scheduler: Looking for jobs to run (2020-02-17 18:17:33; scheduler.py:579)
DEBUG:apscheduler.scheduler: Next wakeup is due at 2020-02-17 18:27:33.971500 (in 599.977000 seconds) (2020-02-17 18:17:33; scheduler.py:588)
INFO:root: Shutting down thread pool (2020-02-17 18:18:00; threadpool.py:111)
INFO:root: Shutting down thread pool (2020-02-17 18:18:00; threadpool.py:111)
INFO:apscheduler.threadpool: Started thread pool with 0 core threads and 20 maximum threads (2020-02-17 18:18:06; threadpool.py:52)
INFO:apscheduler.scheduler: Adding job tentatively -- it will be properly scheduled when the scheduler starts (2020-02-17 18:18:06; scheduler.py:287)
INFO:apscheduler.scheduler: Added job "mytask (trigger: interval[0:10:00], next run at: 2020-02-17 18:28:06.087500)" to job store "default" (2020-02-17 18:18:06; scheduler.py:262)
INFO:apscheduler.scheduler: Scheduler started (2020-02-17 18:18:06; scheduler.py:574)
DEBUG:apscheduler.scheduler: Looking for jobs to run (2020-02-17 18:18:06; scheduler.py:579)
DEBUG:apscheduler.scheduler: Next wakeup is due at 2020-02-17 18:28:06.087500 (in 599.989000 seconds) (2020-02-17 18:18:06; scheduler.py:588)
INFO:apscheduler.threadpool: Started thread pool with 0 core threads and 20 maximum threads (2020-02-17 18:18:06; threadpool.py:52)
INFO:apscheduler.scheduler: Adding job tentatively -- it will be properly scheduled when the scheduler starts (2020-02-17 18:18:06; scheduler.py:287)
INFO:apscheduler.scheduler: Added job "mytask (trigger: interval[0:10:00], next run at: 2020-02-17 18:28:06.121500)" to job store "default" (2020-02-17 18:18:06; scheduler.py:262)
INFO:apscheduler.scheduler: Scheduler started (2020-02-17 18:18:06; scheduler.py:574)
DEBUG:apscheduler.scheduler: Looking for jobs to run (2020-02-17 18:18:06; scheduler.py:579)
DEBUG:apscheduler.scheduler: Next wakeup is due at 2020-02-17 18:28:06.121500 (in 599.990000 seconds) (2020-02-17 18:18:06; scheduler.py:588)
INFO:root: Shutting down thread pool (2020-02-17 18:18:26; threadpool.py:111)
INFO:root: Shutting down thread pool (2020-02-17 18:18:26; threadpool.py:111)
INFO:apscheduler.threadpool: Started thread pool with 0 core threads and 20 maximum threads (2020-02-17 18:18:28; threadpool.py:52)
INFO:apscheduler.scheduler: Adding job tentatively -- it will be properly scheduled when the scheduler starts (2020-02-17 18:18:28; scheduler.py:287)
INFO:apscheduler.scheduler: Added job "mytask (trigger: interval[0:10:00], next run at: 2020-02-17 18:28:28.042500)" to job store "default" (2020-02-17 18:18:28; scheduler.py:262)
INFO:apscheduler.scheduler: Scheduler started (2020-02-17 18:18:28; scheduler.py:574)
DEBUG:apscheduler.scheduler: Looking for jobs to run (2020-02-17 18:18:28; scheduler.py:579)
DEBUG:apscheduler.scheduler: Next wakeup is due at 2020-02-17 18:28:28.042500 (in 599.972000 seconds) (2020-02-17 18:18:28; scheduler.py:588)
